ARM GAS  C:\Users\HP\AppData\Local\Temp\ccJJlS5O.s 			page 1


   1              		.syntax unified
   2              		.cpu cortex-m3
   3              		.fpu softvfp
   4              		.eabi_attribute 20, 1
   5              		.eabi_attribute 21, 1
   6              		.eabi_attribute 23, 3
   7              		.eabi_attribute 24, 1
   8              		.eabi_attribute 25, 1
   9              		.eabi_attribute 26, 1
  10              		.eabi_attribute 30, 1
  11              		.eabi_attribute 34, 1
  12              		.eabi_attribute 18, 4
  13              		.thumb
  14              		.syntax unified
  15              		.file	"cymetadata.c"
  16              		.text
  17              	.Ltext0:
  18              		.cfi_sections	.debug_frame
  19              		.global	cy_metadata
  20              		.global	cy_meta_flashprotect
  21              		.global	cy_meta_wonvl
  22              		.global	cy_meta_custnvl
  23              		.global	cy_meta_configecc
  24              		.section	.cyconfigecc,"a",%progbits
  25              		.align	2
  26              		.type	cy_meta_configecc, %object
  27              		.size	cy_meta_configecc, 940
  28              	cy_meta_configecc:
  29 0000 06       		.byte	6
  30 0001 52       		.byte	82
  31 0002 00       		.byte	0
  32 0003 40       		.byte	64
  33 0004 03       		.byte	3
  34 0005 65       		.byte	101
  35 0006 00       		.byte	0
  36 0007 40       		.byte	64
  37 0008 03       		.byte	3
  38 0009 09       		.byte	9
  39 000a 01       		.byte	1
  40 000b 40       		.byte	64
  41 000c 01       		.byte	1
  42 000d 15       		.byte	21
  43 000e 01       		.byte	1
  44 000f 40       		.byte	64
  45 0010 5E       		.byte	94
  46 0011 18       		.byte	24
  47 0012 01       		.byte	1
  48 0013 40       		.byte	64
  49 0014 42       		.byte	66
  50 0015 19       		.byte	25
  51 0016 01       		.byte	1
  52 0017 40       		.byte	64
  53 0018 66       		.byte	102
  54 0019 1A       		.byte	26
  55 001a 01       		.byte	1
  56 001b 40       		.byte	64
  57 001c 5A       		.byte	90
ARM GAS  C:\Users\HP\AppData\Local\Temp\ccJJlS5O.s 			page 2


  58 001d 1B       		.byte	27
  59 001e 01       		.byte	1
  60 001f 40       		.byte	64
  61 0020 02       		.byte	2
  62 0021 40       		.byte	64
  63 0022 01       		.byte	1
  64 0023 40       		.byte	64
  65 0024 01       		.byte	1
  66 0025 41       		.byte	65
  67 0026 01       		.byte	1
  68 0027 40       		.byte	64
  69 0028 01       		.byte	1
  70 0029 42       		.byte	66
  71 002a 01       		.byte	1
  72 002b 40       		.byte	64
  73 002c 01       		.byte	1
  74 002d 43       		.byte	67
  75 002e 01       		.byte	1
  76 002f 40       		.byte	64
  77 0030 05       		.byte	5
  78 0031 45       		.byte	69
  79 0032 01       		.byte	1
  80 0033 40       		.byte	64
  81 0034 03       		.byte	3
  82 0035 46       		.byte	70
  83 0036 01       		.byte	1
  84 0037 40       		.byte	64
  85 0038 03       		.byte	3
  86 0039 47       		.byte	71
  87 003a 01       		.byte	1
  88 003b 40       		.byte	64
  89 003c 01       		.byte	1
  90 003d 48       		.byte	72
  91 003e 01       		.byte	1
  92 003f 40       		.byte	64
  93 0040 03       		.byte	3
  94 0041 49       		.byte	73
  95 0042 01       		.byte	1
  96 0043 40       		.byte	64
  97 0044 0F       		.byte	15
  98 0045 4C       		.byte	76
  99 0046 01       		.byte	1
 100 0047 40       		.byte	64
 101 0048 0B       		.byte	11
 102 0049 4D       		.byte	77
 103 004a 01       		.byte	1
 104 004b 40       		.byte	64
 105 004c 02       		.byte	2
 106 004d 50       		.byte	80
 107 004e 01       		.byte	1
 108 004f 40       		.byte	64
 109 0050 01       		.byte	1
 110 0051 51       		.byte	81
 111 0052 01       		.byte	1
 112 0053 40       		.byte	64
 113 0054 08       		.byte	8
 114 0055 64       		.byte	100
ARM GAS  C:\Users\HP\AppData\Local\Temp\ccJJlS5O.s 			page 3


 115 0056 09       		.byte	9
 116 0057 A4       		.byte	-92
 117 0058 10       		.byte	16
 118 0059 60       		.byte	96
 119 005a 11       		.byte	17
 120 005b 20       		.byte	32
 121 005c 61       		.byte	97
 122 005d 80       		.byte	-128
 123 005e 64       		.byte	100
 124 005f 40       		.byte	64
 125 0060 88       		.byte	-120
 126 0061 72       		.byte	114
 127 0062 8A       		.byte	-118
 128 0063 0F       		.byte	15
 129 0064 8B       		.byte	-117
 130 0065 38       		.byte	56
 131 0066 95       		.byte	-107
 132 0067 04       		.byte	4
 133 0068 AD       		.byte	-83
 134 0069 04       		.byte	4
 135 006a EC       		.byte	-20
 136 006b 02       		.byte	2
 137 006c E6       		.byte	-26
 138 006d 02       		.byte	2
 139 006e 00       		.byte	0
 140 006f 03       		.byte	3
 141 0070 05       		.byte	5
 142 0071 08       		.byte	8
 143 0072 06       		.byte	6
 144 0073 23       		.byte	35
 145 0074 08       		.byte	8
 146 0075 02       		.byte	2
 147 0076 09       		.byte	9
 148 0077 18       		.byte	24
 149 0078 0C       		.byte	12
 150 0079 01       		.byte	1
 151 007a 0D       		.byte	13
 152 007b 10       		.byte	16
 153 007c 11       		.byte	17
 154 007d 3C       		.byte	60
 155 007e 13       		.byte	19
 156 007f 42       		.byte	66
 157 0080 14       		.byte	20
 158 0081 1F       		.byte	31
 159 0082 16       		.byte	22
 160 0083 20       		.byte	32
 161 0084 17       		.byte	23
 162 0085 23       		.byte	35
 163 0086 18       		.byte	24
 164 0087 33       		.byte	51
 165 0088 19       		.byte	25
 166 0089 04       		.byte	4
 167 008a 1A       		.byte	26
 168 008b 0C       		.byte	12
 169 008c 1C       		.byte	28
 170 008d 3F       		.byte	63
 171 008e 1D       		.byte	29
ARM GAS  C:\Users\HP\AppData\Local\Temp\ccJJlS5O.s 			page 4


 172 008f 7F       		.byte	127
 173 0090 20       		.byte	32
 174 0091 1C       		.byte	28
 175 0092 22       		.byte	34
 176 0093 23       		.byte	35
 177 0094 24       		.byte	36
 178 0095 0C       		.byte	12
 179 0096 27       		.byte	39
 180 0097 04       		.byte	4
 181 0098 28       		.byte	40
 182 0099 04       		.byte	4
 183 009a 29       		.byte	41
 184 009b 67       		.byte	103
 185 009c 2B       		.byte	43
 186 009d 18       		.byte	24
 187 009e 2C       		.byte	44
 188 009f 08       		.byte	8
 189 00a0 2D       		.byte	45
 190 00a1 1C       		.byte	28
 191 00a2 2F       		.byte	47
 192 00a3 61       		.byte	97
 193 00a4 30       		.byte	48
 194 00a5 10       		.byte	16
 195 00a6 31       		.byte	49
 196 00a7 38       		.byte	56
 197 00a8 32       		.byte	50
 198 00a9 2C       		.byte	44
 199 00aa 34       		.byte	52
 200 00ab 0F       		.byte	15
 201 00ac 35       		.byte	53
 202 00ad 40       		.byte	64
 203 00ae 37       		.byte	55
 204 00af 1F       		.byte	31
 205 00b0 39       		.byte	57
 206 00b1 20       		.byte	32
 207 00b2 3A       		.byte	58
 208 00b3 A8       		.byte	-88
 209 00b4 3B       		.byte	59
 210 00b5 80       		.byte	-128
 211 00b6 3E       		.byte	62
 212 00b7 01       		.byte	1
 213 00b8 56       		.byte	86
 214 00b9 02       		.byte	2
 215 00ba 57       		.byte	87
 216 00bb 10       		.byte	16
 217 00bc 58       		.byte	88
 218 00bd 04       		.byte	4
 219 00be 59       		.byte	89
 220 00bf 04       		.byte	4
 221 00c0 5B       		.byte	91
 222 00c1 04       		.byte	4
 223 00c2 5F       		.byte	95
 224 00c3 01       		.byte	1
 225 00c4 84       		.byte	-124
 226 00c5 10       		.byte	16
 227 00c6 86       		.byte	-122
 228 00c7 AC       		.byte	-84
ARM GAS  C:\Users\HP\AppData\Local\Temp\ccJJlS5O.s 			page 5


 229 00c8 89       		.byte	-119
 230 00c9 80       		.byte	-128
 231 00ca 8A       		.byte	-118
 232 00cb 20       		.byte	32
 233 00cc 8B       		.byte	-117
 234 00cd 13       		.byte	19
 235 00ce 8C       		.byte	-116
 236 00cf 09       		.byte	9
 237 00d0 8E       		.byte	-114
 238 00d1 D0       		.byte	-48
 239 00d2 90       		.byte	-112
 240 00d3 0C       		.byte	12
 241 00d4 92       		.byte	-110
 242 00d5 71       		.byte	113
 243 00d6 93       		.byte	-109
 244 00d7 0C       		.byte	12
 245 00d8 94       		.byte	-108
 246 00d9 14       		.byte	20
 247 00da 95       		.byte	-107
 248 00db 2C       		.byte	44
 249 00dc 97       		.byte	-105
 250 00dd 43       		.byte	67
 251 00de 9E       		.byte	-98
 252 00df 03       		.byte	3
 253 00e0 9F       		.byte	-97
 254 00e1 08       		.byte	8
 255 00e2 A0       		.byte	-96
 256 00e3 10       		.byte	16
 257 00e4 A2       		.byte	-94
 258 00e5 40       		.byte	64
 259 00e6 A8       		.byte	-88
 260 00e7 DC       		.byte	-36
 261 00e8 A9       		.byte	-87
 262 00e9 71       		.byte	113
 263 00ea AA       		.byte	-86
 264 00eb 22       		.byte	34
 265 00ec AB       		.byte	-85
 266 00ed 06       		.byte	6
 267 00ee AD       		.byte	-83
 268 00ef 71       		.byte	113
 269 00f0 AF       		.byte	-81
 270 00f1 0E       		.byte	14
 271 00f2 B0       		.byte	-80
 272 00f3 E0       		.byte	-32
 273 00f4 B1       		.byte	-79
 274 00f5 C0       		.byte	-64
 275 00f6 B3       		.byte	-77
 276 00f7 0F       		.byte	15
 277 00f8 B6       		.byte	-74
 278 00f9 1F       		.byte	31
 279 00fa B7       		.byte	-73
 280 00fb 30       		.byte	48
 281 00fc B9       		.byte	-71
 282 00fd 82       		.byte	-126
 283 00fe BA       		.byte	-70
 284 00ff 02       		.byte	2
 285 0100 BB       		.byte	-69
ARM GAS  C:\Users\HP\AppData\Local\Temp\ccJJlS5O.s 			page 6


 286 0101 08       		.byte	8
 287 0102 BF       		.byte	-65
 288 0103 40       		.byte	64
 289 0104 C0       		.byte	-64
 290 0105 05       		.byte	5
 291 0106 C5       		.byte	-59
 292 0107 40       		.byte	64
 293 0108 C9       		.byte	-55
 294 0109 FF       		.byte	-1
 295 010a CA       		.byte	-54
 296 010b 07       		.byte	7
 297 010c CB       		.byte	-53
 298 010d FF       		.byte	-1
 299 010e CC       		.byte	-52
 300 010f 40       		.byte	64
 301 0110 CD       		.byte	-51
 302 0111 20       		.byte	32
 303 0112 CE       		.byte	-50
 304 0113 F0       		.byte	-16
 305 0114 CF       		.byte	-49
 306 0115 05       		.byte	5
 307 0116 D0       		.byte	-48
 308 0117 08       		.byte	8
 309 0118 D8       		.byte	-40
 310 0119 04       		.byte	4
 311 011a D9       		.byte	-39
 312 011b 04       		.byte	4
 313 011c DA       		.byte	-38
 314 011d 04       		.byte	4
 315 011e DB       		.byte	-37
 316 011f 04       		.byte	4
 317 0120 DF       		.byte	-33
 318 0121 01       		.byte	1
 319 0122 E0       		.byte	-32
 320 0123 40       		.byte	64
 321 0124 E1       		.byte	-31
 322 0125 A8       		.byte	-88
 323 0126 E2       		.byte	-30
 324 0127 40       		.byte	64
 325 0128 E3       		.byte	-29
 326 0129 20       		.byte	32
 327 012a 00       		.byte	0
 328 012b 04       		.byte	4
 329 012c 01       		.byte	1
 330 012d 10       		.byte	16
 331 012e 02       		.byte	2
 332 012f 02       		.byte	2
 333 0130 05       		.byte	5
 334 0131 44       		.byte	68
 335 0132 07       		.byte	7
 336 0133 48       		.byte	72
 337 0134 0A       		.byte	10
 338 0135 82       		.byte	-126
 339 0136 0B       		.byte	11
 340 0137 20       		.byte	32
 341 0138 0C       		.byte	12
 342 0139 50       		.byte	80
ARM GAS  C:\Users\HP\AppData\Local\Temp\ccJJlS5O.s 			page 7


 343 013a 0D       		.byte	13
 344 013b 08       		.byte	8
 345 013c 0E       		.byte	14
 346 013d 05       		.byte	5
 347 013e 12       		.byte	18
 348 013f 88       		.byte	-120
 349 0140 16       		.byte	22
 350 0141 99       		.byte	-103
 351 0142 17       		.byte	23
 352 0143 02       		.byte	2
 353 0144 1A       		.byte	26
 354 0145 82       		.byte	-126
 355 0146 1B       		.byte	27
 356 0147 01       		.byte	1
 357 0148 1D       		.byte	29
 358 0149 08       		.byte	8
 359 014a 1E       		.byte	30
 360 014b 85       		.byte	-123
 361 014c 20       		.byte	32
 362 014d 02       		.byte	2
 363 014e 22       		.byte	34
 364 014f 0A       		.byte	10
 365 0150 24       		.byte	36
 366 0151 80       		.byte	-128
 367 0152 25       		.byte	37
 368 0153 10       		.byte	16
 369 0154 27       		.byte	39
 370 0155 02       		.byte	2
 371 0156 29       		.byte	41
 372 0157 20       		.byte	32
 373 0158 2B       		.byte	43
 374 0159 01       		.byte	1
 375 015a 2C       		.byte	44
 376 015b 05       		.byte	5
 377 015c 2F       		.byte	47
 378 015d 20       		.byte	32
 379 015e 32       		.byte	50
 380 015f 8A       		.byte	-118
 381 0160 34       		.byte	52
 382 0161 40       		.byte	64
 383 0162 35       		.byte	53
 384 0163 04       		.byte	4
 385 0164 36       		.byte	54
 386 0165 10       		.byte	16
 387 0166 37       		.byte	55
 388 0167 02       		.byte	2
 389 0168 38       		.byte	56
 390 0169 20       		.byte	32
 391 016a 39       		.byte	57
 392 016b 10       		.byte	16
 393 016c 3C       		.byte	60
 394 016d 80       		.byte	-128
 395 016e 3E       		.byte	62
 396 016f 28       		.byte	40
 397 0170 48       		.byte	72
 398 0171 01       		.byte	1
 399 0172 4A       		.byte	74
ARM GAS  C:\Users\HP\AppData\Local\Temp\ccJJlS5O.s 			page 8


 400 0173 80       		.byte	-128
 401 0174 50       		.byte	80
 402 0175 10       		.byte	16
 403 0176 58       		.byte	88
 404 0177 04       		.byte	4
 405 0178 5A       		.byte	90
 406 0179 04       		.byte	4
 407 017a 5E       		.byte	94
 408 017b 80       		.byte	-128
 409 017c 68       		.byte	104
 410 017d 80       		.byte	-128
 411 017e 69       		.byte	105
 412 017f 64       		.byte	100
 413 0180 6C       		.byte	108
 414 0181 20       		.byte	32
 415 0182 6F       		.byte	111
 416 0183 05       		.byte	5
 417 0184 71       		.byte	113
 418 0185 10       		.byte	16
 419 0186 72       		.byte	114
 420 0187 40       		.byte	64
 421 0188 73       		.byte	115
 422 0189 11       		.byte	17
 423 018a 74       		.byte	116
 424 018b 40       		.byte	64
 425 018c 76       		.byte	118
 426 018d 39       		.byte	57
 427 018e 81       		.byte	-127
 428 018f 40       		.byte	64
 429 0190 85       		.byte	-123
 430 0191 10       		.byte	16
 431 0192 88       		.byte	-120
 432 0193 81       		.byte	-127
 433 0194 89       		.byte	-119
 434 0195 08       		.byte	8
 435 0196 8D       		.byte	-115
 436 0197 10       		.byte	16
 437 0198 95       		.byte	-107
 438 0199 04       		.byte	4
 439 019a C0       		.byte	-64
 440 019b F7       		.byte	-9
 441 019c C2       		.byte	-62
 442 019d ED       		.byte	-19
 443 019e C4       		.byte	-60
 444 019f FA       		.byte	-6
 445 01a0 CA       		.byte	-54
 446 01a1 7C       		.byte	124
 447 01a2 CC       		.byte	-52
 448 01a3 FB       		.byte	-5
 449 01a4 CE       		.byte	-50
 450 01a5 74       		.byte	116
 451 01a6 D2       		.byte	-46
 452 01a7 08       		.byte	8
 453 01a8 D6       		.byte	-42
 454 01a9 10       		.byte	16
 455 01aa E0       		.byte	-32
 456 01ab 02       		.byte	2
ARM GAS  C:\Users\HP\AppData\Local\Temp\ccJJlS5O.s 			page 9


 457 01ac E4       		.byte	-28
 458 01ad 04       		.byte	4
 459 01ae 04       		.byte	4
 460 01af 13       		.byte	19
 461 01b0 05       		.byte	5
 462 01b1 01       		.byte	1
 463 01b2 06       		.byte	6
 464 01b3 0C       		.byte	12
 465 01b4 0A       		.byte	10
 466 01b5 15       		.byte	21
 467 01b6 0E       		.byte	14
 468 01b7 08       		.byte	8
 469 01b8 10       		.byte	16
 470 01b9 13       		.byte	19
 471 01ba 11       		.byte	17
 472 01bb 02       		.byte	2
 473 01bc 12       		.byte	18
 474 01bd 04       		.byte	4
 475 01be 20       		.byte	32
 476 01bf 03       		.byte	3
 477 01c0 22       		.byte	34
 478 01c1 14       		.byte	20
 479 01c2 28       		.byte	40
 480 01c3 0A       		.byte	10
 481 01c4 2A       		.byte	42
 482 01c5 14       		.byte	20
 483 01c6 30       		.byte	48
 484 01c7 10       		.byte	16
 485 01c8 33       		.byte	51
 486 01c9 01       		.byte	1
 487 01ca 34       		.byte	52
 488 01cb 0F       		.byte	15
 489 01cc 35       		.byte	53
 490 01cd 02       		.byte	2
 491 01ce 3A       		.byte	58
 492 01cf 20       		.byte	32
 493 01d0 3E       		.byte	62
 494 01d1 01       		.byte	1
 495 01d2 3F       		.byte	63
 496 01d3 14       		.byte	20
 497 01d4 40       		.byte	64
 498 01d5 63       		.byte	99
 499 01d6 41       		.byte	65
 500 01d7 01       		.byte	1
 501 01d8 45       		.byte	69
 502 01d9 E0       		.byte	-32
 503 01da 46       		.byte	70
 504 01db BC       		.byte	-68
 505 01dc 47       		.byte	71
 506 01dd 0E       		.byte	14
 507 01de 48       		.byte	72
 508 01df 1E       		.byte	30
 509 01e0 49       		.byte	73
 510 01e1 FF       		.byte	-1
 511 01e2 4A       		.byte	74
 512 01e3 FF       		.byte	-1
 513 01e4 4B       		.byte	75
ARM GAS  C:\Users\HP\AppData\Local\Temp\ccJJlS5O.s 			page 10


 514 01e5 FF       		.byte	-1
 515 01e6 4E       		.byte	78
 516 01e7 F0       		.byte	-16
 517 01e8 4F       		.byte	79
 518 01e9 44       		.byte	68
 519 01ea 50       		.byte	80
 520 01eb 0C       		.byte	12
 521 01ec 54       		.byte	84
 522 01ed 01       		.byte	1
 523 01ee 58       		.byte	88
 524 01ef 04       		.byte	4
 525 01f0 59       		.byte	89
 526 01f1 04       		.byte	4
 527 01f2 5A       		.byte	90
 528 01f3 04       		.byte	4
 529 01f4 5B       		.byte	91
 530 01f5 04       		.byte	4
 531 01f6 5F       		.byte	95
 532 01f7 01       		.byte	1
 533 01f8 66       		.byte	102
 534 01f9 C0       		.byte	-64
 535 01fa 6A       		.byte	106
 536 01fb 40       		.byte	64
 537 01fc 6B       		.byte	107
 538 01fd 02       		.byte	2
 539 01fe 81       		.byte	-127
 540 01ff 03       		.byte	3
 541 0200 82       		.byte	-126
 542 0201 08       		.byte	8
 543 0202 85       		.byte	-123
 544 0203 7C       		.byte	124
 545 0204 8A       		.byte	-118
 546 0205 10       		.byte	16
 547 0206 8B       		.byte	-117
 548 0207 80       		.byte	-128
 549 0208 8E       		.byte	-114
 550 0209 01       		.byte	1
 551 020a 8F       		.byte	-113
 552 020b 80       		.byte	-128
 553 020c 93       		.byte	-109
 554 020d 03       		.byte	3
 555 020e 96       		.byte	-106
 556 020f 01       		.byte	1
 557 0210 97       		.byte	-105
 558 0211 03       		.byte	3
 559 0212 98       		.byte	-104
 560 0213 04       		.byte	4
 561 0214 99       		.byte	-103
 562 0215 03       		.byte	3
 563 0216 9D       		.byte	-99
 564 0217 13       		.byte	19
 565 0218 9F       		.byte	-97
 566 0219 60       		.byte	96
 567 021a A0       		.byte	-96
 568 021b 04       		.byte	4
 569 021c A1       		.byte	-95
 570 021d 25       		.byte	37
ARM GAS  C:\Users\HP\AppData\Local\Temp\ccJJlS5O.s 			page 11


 571 021e A3       		.byte	-93
 572 021f 18       		.byte	24
 573 0220 A4       		.byte	-92
 574 0221 04       		.byte	4
 575 0222 A5       		.byte	-91
 576 0223 4A       		.byte	74
 577 0224 A7       		.byte	-89
 578 0225 14       		.byte	20
 579 0226 A9       		.byte	-87
 580 0227 7C       		.byte	124
 581 0228 AE       		.byte	-82
 582 0229 12       		.byte	18
 583 022a AF       		.byte	-81
 584 022b 03       		.byte	3
 585 022c B0       		.byte	-80
 586 022d 01       		.byte	1
 587 022e B1       		.byte	-79
 588 022f 70       		.byte	112
 589 0230 B2       		.byte	-78
 590 0231 04       		.byte	4
 591 0232 B3       		.byte	-77
 592 0233 80       		.byte	-128
 593 0234 B4       		.byte	-76
 594 0235 02       		.byte	2
 595 0236 B5       		.byte	-75
 596 0237 0C       		.byte	12
 597 0238 B6       		.byte	-74
 598 0239 18       		.byte	24
 599 023a B7       		.byte	-73
 600 023b 03       		.byte	3
 601 023c BE       		.byte	-66
 602 023d 41       		.byte	65
 603 023e BF       		.byte	-65
 604 023f 04       		.byte	4
 605 0240 C0       		.byte	-64
 606 0241 32       		.byte	50
 607 0242 C1       		.byte	-63
 608 0243 04       		.byte	4
 609 0244 C2       		.byte	-62
 610 0245 05       		.byte	5
 611 0246 C4       		.byte	-60
 612 0247 01       		.byte	1
 613 0248 C6       		.byte	-58
 614 0249 CE       		.byte	-50
 615 024a C8       		.byte	-56
 616 024b 0C       		.byte	12
 617 024c C9       		.byte	-55
 618 024d FF       		.byte	-1
 619 024e CA       		.byte	-54
 620 024f FF       		.byte	-1
 621 0250 CB       		.byte	-53
 622 0251 FF       		.byte	-1
 623 0252 CC       		.byte	-52
 624 0253 62       		.byte	98
 625 0254 CD       		.byte	-51
 626 0255 A0       		.byte	-96
 627 0256 CE       		.byte	-50
ARM GAS  C:\Users\HP\AppData\Local\Temp\ccJJlS5O.s 			page 12


 628 0257 F0       		.byte	-16
 629 0258 CF       		.byte	-49
 630 0259 41       		.byte	65
 631 025a D0       		.byte	-48
 632 025b 0C       		.byte	12
 633 025c D4       		.byte	-44
 634 025d 18       		.byte	24
 635 025e D6       		.byte	-42
 636 025f 04       		.byte	4
 637 0260 D8       		.byte	-40
 638 0261 04       		.byte	4
 639 0262 D9       		.byte	-39
 640 0263 04       		.byte	4
 641 0264 DA       		.byte	-38
 642 0265 04       		.byte	4
 643 0266 DB       		.byte	-37
 644 0267 04       		.byte	4
 645 0268 DF       		.byte	-33
 646 0269 01       		.byte	1
 647 026a E6       		.byte	-26
 648 026b 40       		.byte	64
 649 026c E7       		.byte	-25
 650 026d 02       		.byte	2
 651 026e E9       		.byte	-23
 652 026f 10       		.byte	16
 653 0270 EA       		.byte	-22
 654 0271 30       		.byte	48
 655 0272 EB       		.byte	-21
 656 0273 10       		.byte	16
 657 0274 ED       		.byte	-19
 658 0275 10       		.byte	16
 659 0276 EE       		.byte	-18
 660 0277 10       		.byte	16
 661 0278 EF       		.byte	-17
 662 0279 12       		.byte	18
 663 027a 00       		.byte	0
 664 027b 04       		.byte	4
 665 027c 01       		.byte	1
 666 027d 10       		.byte	16
 667 027e 02       		.byte	2
 668 027f 02       		.byte	2
 669 0280 03       		.byte	3
 670 0281 08       		.byte	8
 671 0282 04       		.byte	4
 672 0283 80       		.byte	-128
 673 0284 05       		.byte	5
 674 0285 80       		.byte	-128
 675 0286 06       		.byte	6
 676 0287 08       		.byte	8
 677 0288 07       		.byte	7
 678 0289 48       		.byte	72
 679 028a 08       		.byte	8
 680 028b 02       		.byte	2
 681 028c 0A       		.byte	10
 682 028d 80       		.byte	-128
 683 028e 0C       		.byte	12
 684 028f 20       		.byte	32
ARM GAS  C:\Users\HP\AppData\Local\Temp\ccJJlS5O.s 			page 13


 685 0290 0F       		.byte	15
 686 0291 28       		.byte	40
 687 0292 10       		.byte	16
 688 0293 80       		.byte	-128
 689 0294 12       		.byte	18
 690 0295 08       		.byte	8
 691 0296 16       		.byte	22
 692 0297 22       		.byte	34
 693 0298 17       		.byte	23
 694 0299 05       		.byte	5
 695 029a 18       		.byte	24
 696 029b 04       		.byte	4
 697 029c 19       		.byte	25
 698 029d 20       		.byte	32
 699 029e 1A       		.byte	26
 700 029f 40       		.byte	64
 701 02a0 1D       		.byte	29
 702 02a1 84       		.byte	-124
 703 02a2 1F       		.byte	31
 704 02a3 21       		.byte	33
 705 02a4 22       		.byte	34
 706 02a5 24       		.byte	36
 707 02a6 24       		.byte	36
 708 02a7 01       		.byte	1
 709 02a8 25       		.byte	37
 710 02a9 08       		.byte	8
 711 02aa 27       		.byte	39
 712 02ab 48       		.byte	72
 713 02ac 2E       		.byte	46
 714 02ad AA       		.byte	-86
 715 02ae 30       		.byte	48
 716 02af 04       		.byte	4
 717 02b0 31       		.byte	49
 718 02b1 04       		.byte	4
 719 02b2 32       		.byte	50
 720 02b3 01       		.byte	1
 721 02b4 34       		.byte	52
 722 02b5 11       		.byte	17
 723 02b6 35       		.byte	53
 724 02b7 04       		.byte	4
 725 02b8 37       		.byte	55
 726 02b9 40       		.byte	64
 727 02ba 3A       		.byte	58
 728 02bb 04       		.byte	4
 729 02bc 3D       		.byte	61
 730 02bd 20       		.byte	32
 731 02be 3E       		.byte	62
 732 02bf 01       		.byte	1
 733 02c0 3F       		.byte	63
 734 02c1 88       		.byte	-120
 735 02c2 40       		.byte	64
 736 02c3 02       		.byte	2
 737 02c4 43       		.byte	67
 738 02c5 08       		.byte	8
 739 02c6 44       		.byte	68
 740 02c7 54       		.byte	84
 741 02c8 45       		.byte	69
ARM GAS  C:\Users\HP\AppData\Local\Temp\ccJJlS5O.s 			page 14


 742 02c9 80       		.byte	-128
 743 02ca 49       		.byte	73
 744 02cb 21       		.byte	33
 745 02cc 4D       		.byte	77
 746 02cd 80       		.byte	-128
 747 02ce 50       		.byte	80
 748 02cf 80       		.byte	-128
 749 02d0 52       		.byte	82
 750 02d1 04       		.byte	4
 751 02d2 53       		.byte	83
 752 02d3 10       		.byte	16
 753 02d4 57       		.byte	87
 754 02d5 50       		.byte	80
 755 02d6 59       		.byte	89
 756 02d7 01       		.byte	1
 757 02d8 5A       		.byte	90
 758 02d9 48       		.byte	72
 759 02da 5B       		.byte	91
 760 02db 10       		.byte	16
 761 02dc 5C       		.byte	92
 762 02dd 01       		.byte	1
 763 02de 66       		.byte	102
 764 02df 10       		.byte	16
 765 02e0 67       		.byte	103
 766 02e1 42       		.byte	66
 767 02e2 80       		.byte	-128
 768 02e3 80       		.byte	-128
 769 02e4 82       		.byte	-126
 770 02e5 20       		.byte	32
 771 02e6 83       		.byte	-125
 772 02e7 10       		.byte	16
 773 02e8 85       		.byte	-123
 774 02e9 08       		.byte	8
 775 02ea 86       		.byte	-122
 776 02eb 10       		.byte	16
 777 02ec 87       		.byte	-121
 778 02ed 40       		.byte	64
 779 02ee 89       		.byte	-119
 780 02ef 40       		.byte	64
 781 02f0 8A       		.byte	-118
 782 02f1 12       		.byte	18
 783 02f2 90       		.byte	-112
 784 02f3 80       		.byte	-128
 785 02f4 91       		.byte	-111
 786 02f5 10       		.byte	16
 787 02f6 92       		.byte	-110
 788 02f7 83       		.byte	-125
 789 02f8 94       		.byte	-108
 790 02f9 04       		.byte	4
 791 02fa 97       		.byte	-105
 792 02fb 20       		.byte	32
 793 02fc 98       		.byte	-104
 794 02fd 51       		.byte	81
 795 02fe 9A       		.byte	-102
 796 02ff 80       		.byte	-128
 797 0300 9B       		.byte	-101
 798 0301 05       		.byte	5
ARM GAS  C:\Users\HP\AppData\Local\Temp\ccJJlS5O.s 			page 15


 799 0302 9D       		.byte	-99
 800 0303 64       		.byte	100
 801 0304 9F       		.byte	-97
 802 0305 48       		.byte	72
 803 0306 A0       		.byte	-96
 804 0307 20       		.byte	32
 805 0308 A1       		.byte	-95
 806 0309 10       		.byte	16
 807 030a A2       		.byte	-94
 808 030b 0A       		.byte	10
 809 030c A6       		.byte	-90
 810 030d 10       		.byte	16
 811 030e A7       		.byte	-89
 812 030f 20       		.byte	32
 813 0310 AA       		.byte	-86
 814 0311 40       		.byte	64
 815 0312 AF       		.byte	-81
 816 0313 10       		.byte	16
 817 0314 B7       		.byte	-73
 818 0315 01       		.byte	1
 819 0316 C0       		.byte	-64
 820 0317 D7       		.byte	-41
 821 0318 C2       		.byte	-62
 822 0319 68       		.byte	104
 823 031a C4       		.byte	-60
 824 031b BA       		.byte	-70
 825 031c CA       		.byte	-54
 826 031d F0       		.byte	-16
 827 031e CC       		.byte	-52
 828 031f F1       		.byte	-15
 829 0320 CE       		.byte	-50
 830 0321 F2       		.byte	-14
 831 0322 D0       		.byte	-48
 832 0323 FA       		.byte	-6
 833 0324 D2       		.byte	-46
 834 0325 14       		.byte	20
 835 0326 D6       		.byte	-42
 836 0327 8F       		.byte	-113
 837 0328 D8       		.byte	-40
 838 0329 B0       		.byte	-80
 839 032a E4       		.byte	-28
 840 032b 01       		.byte	1
 841 032c E8       		.byte	-24
 842 032d 0C       		.byte	12
 843 032e 32       		.byte	50
 844 032f 20       		.byte	32
 845 0330 CC       		.byte	-52
 846 0331 10       		.byte	16
 847 0332 A6       		.byte	-90
 848 0333 20       		.byte	32
 849 0334 A6       		.byte	-90
 850 0335 20       		.byte	32
 851 0336 A6       		.byte	-90
 852 0337 20       		.byte	32
 853 0338 5B       		.byte	91
 854 0339 02       		.byte	2
 855 033a 5F       		.byte	95
ARM GAS  C:\Users\HP\AppData\Local\Temp\ccJJlS5O.s 			page 16


 856 033b 04       		.byte	4
 857 033c 65       		.byte	101
 858 033d 10       		.byte	16
 859 033e D6       		.byte	-42
 860 033f 03       		.byte	3
 861 0340 D8       		.byte	-40
 862 0341 01       		.byte	1
 863 0342 97       		.byte	-105
 864 0343 04       		.byte	4
 865 0344 9D       		.byte	-99
 866 0345 10       		.byte	16
 867 0346 9F       		.byte	-97
 868 0347 02       		.byte	2
 869 0348 97       		.byte	-105
 870 0349 04       		.byte	4
 871 034a 9D       		.byte	-99
 872 034b 10       		.byte	16
 873 034c AF       		.byte	-81
 874 034d 02       		.byte	2
 875 034e A6       		.byte	-90
 876 034f 20       		.byte	32
 877 0350 86       		.byte	-122
 878 0351 20       		.byte	32
 879 0352 A6       		.byte	-90
 880 0353 20       		.byte	32
 881 0354 E6       		.byte	-26
 882 0355 40       		.byte	64
 883 0356 54       		.byte	84
 884 0357 02       		.byte	2
 885 0358 5B       		.byte	91
 886 0359 04       		.byte	4
 887 035a 5E       		.byte	94
 888 035b 01       		.byte	1
 889 035c 62       		.byte	98
 890 035d 01       		.byte	1
 891 035e 66       		.byte	102
 892 035f 02       		.byte	2
 893 0360 81       		.byte	-127
 894 0361 10       		.byte	16
 895 0362 87       		.byte	-121
 896 0363 04       		.byte	4
 897 0364 88       		.byte	-120
 898 0365 02       		.byte	2
 899 0366 8E       		.byte	-114
 900 0367 02       		.byte	2
 901 0368 97       		.byte	-105
 902 0369 04       		.byte	4
 903 036a 9D       		.byte	-99
 904 036b 10       		.byte	16
 905 036c D6       		.byte	-42
 906 036d 07       		.byte	7
 907 036e D8       		.byte	-40
 908 036f 03       		.byte	3
 909 0370 E0       		.byte	-32
 910 0371 02       		.byte	2
 911 0372 E4       		.byte	-28
 912 0373 01       		.byte	1
ARM GAS  C:\Users\HP\AppData\Local\Temp\ccJJlS5O.s 			page 17


 913 0374 10       		.byte	16
 914 0375 40       		.byte	64
 915 0376 70       		.byte	112
 916 0377 04       		.byte	4
 917 0378 80       		.byte	-128
 918 0379 04       		.byte	4
 919 037a 88       		.byte	-120
 920 037b 40       		.byte	64
 921 037c AA       		.byte	-86
 922 037d 01       		.byte	1
 923 037e AE       		.byte	-82
 924 037f 01       		.byte	1
 925 0380 B7       		.byte	-73
 926 0381 04       		.byte	4
 927 0382 C4       		.byte	-60
 928 0383 08       		.byte	8
 929 0384 DC       		.byte	-36
 930 0385 01       		.byte	1
 931 0386 E2       		.byte	-30
 932 0387 01       		.byte	1
 933 0388 EC       		.byte	-20
 934 0389 08       		.byte	8
 935 038a 10       		.byte	16
 936 038b 01       		.byte	1
 937 038c 1C       		.byte	28
 938 038d 01       		.byte	1
 939 038e 00       		.byte	0
 940 038f 03       		.byte	3
 941 0390 80       		.byte	-128
 942 0391 00       		.byte	0
 943 0392 40       		.byte	64
 944 0393 80       		.byte	-128
 945 0394 80       		.byte	-128
 946 0395 00       		.byte	0
 947 0396 80       		.byte	-128
 948 0397 00       		.byte	0
 949 0398 00       		.byte	0
 950 0399 00       		.byte	0
 951 039a 00       		.byte	0
 952 039b 00       		.byte	0
 953 039c 00       		.byte	0
 954 039d FF       		.byte	-1
 955 039e FF       		.byte	-1
 956 039f 00       		.byte	0
 957 03a0 F4       		.byte	-12
 958 03a1 00       		.byte	0
 959 03a2 00       		.byte	0
 960 03a3 00       		.byte	0
 961 03a4 00       		.byte	0
 962 03a5 E0       		.byte	-32
 963 03a6 E0       		.byte	-32
 964 03a7 00       		.byte	0
 965 03a8 E0       		.byte	-32
 966 03a9 00       		.byte	0
 967 03aa 00       		.byte	0
 968 03ab 00       		.byte	0
 969              		.section	.cywolatch,"a",%progbits
ARM GAS  C:\Users\HP\AppData\Local\Temp\ccJJlS5O.s 			page 18


 970              		.align	2
 971              		.type	cy_meta_wonvl, %object
 972              		.size	cy_meta_wonvl, 4
 973              	cy_meta_wonvl:
 974 0000 BC       		.byte	-68
 975 0001 90       		.byte	-112
 976 0002 AC       		.byte	-84
 977 0003 AF       		.byte	-81
 978              		.section	.cycustnvl,"a",%progbits
 979              		.align	2
 980              		.type	cy_meta_custnvl, %object
 981              		.size	cy_meta_custnvl, 4
 982              	cy_meta_custnvl:
 983 0000 00       		.byte	0
 984 0001 00       		.byte	0
 985 0002 40       		.byte	64
 986 0003 05       		.byte	5
 987              		.section	.cymeta,"a",%progbits
 988              		.align	2
 989              		.type	cy_metadata, %object
 990              		.size	cy_metadata, 12
 991              	cy_metadata:
 992 0000 00       		.byte	0
 993 0001 01       		.byte	1
 994 0002 2E       		.byte	46
 995 0003 16       		.byte	22
 996 0004 10       		.byte	16
 997 0005 69       		.byte	105
 998 0006 00       		.byte	0
 999 0007 01       		.byte	1
 1000 0008 00       		.byte	0
 1001 0009 00       		.byte	0
 1002 000a 00       		.byte	0
 1003 000b 00       		.byte	0
 1004              		.section	.cyflashprotect,"a",%progbits
 1005              		.align	2
 1006              		.type	cy_meta_flashprotect, %object
 1007              		.size	cy_meta_flashprotect, 256
 1008              	cy_meta_flashprotect:
 1009 0000 00000000 		.space	256
 1009      00000000 
 1009      00000000 
 1009      00000000 
 1009      00000000 
 1010              		.text
 1011              	.Letext0:
 1012              		.file 1 "c:\\program files (x86)\\cypress\\psoc creator\\4.4\\psoc creator\\import\\gnu\\arm\\5.4.
 1013              		.file 2 "c:\\program files (x86)\\cypress\\psoc creator\\4.4\\psoc creator\\import\\gnu\\arm\\5.4.
 1014              		.file 3 "Generated_Source\\PSoC5\\cymetadata.c"
 1015              		.section	.debug_info,"",%progbits
 1016              	.Ldebug_info0:
 1017 0000 31010000 		.4byte	0x131
 1018 0004 0400     		.2byte	0x4
 1019 0006 00000000 		.4byte	.Ldebug_abbrev0
 1020 000a 04       		.byte	0x4
 1021 000b 01       		.uleb128 0x1
 1022 000c 24000000 		.4byte	.LASF17
ARM GAS  C:\Users\HP\AppData\Local\Temp\ccJJlS5O.s 			page 19


 1023 0010 0C       		.byte	0xc
 1024 0011 C6010000 		.4byte	.LASF18
 1025 0015 5F010000 		.4byte	.LASF19
 1026 0019 00000000 		.4byte	.Ldebug_line0
 1027 001d 02       		.uleb128 0x2
 1028 001e 01       		.byte	0x1
 1029 001f 06       		.byte	0x6
 1030 0020 BA010000 		.4byte	.LASF0
 1031 0024 03       		.uleb128 0x3
 1032 0025 00000000 		.4byte	.LASF9
 1033 0029 01       		.byte	0x1
 1034 002a 1D       		.byte	0x1d
 1035 002b 2F000000 		.4byte	0x2f
 1036 002f 02       		.uleb128 0x2
 1037 0030 01       		.byte	0x1
 1038 0031 08       		.byte	0x8
 1039 0032 16000000 		.4byte	.LASF1
 1040 0036 02       		.uleb128 0x2
 1041 0037 02       		.byte	0x2
 1042 0038 05       		.byte	0x5
 1043 0039 A7010000 		.4byte	.LASF2
 1044 003d 02       		.uleb128 0x2
 1045 003e 02       		.byte	0x2
 1046 003f 07       		.byte	0x7
 1047 0040 C4000000 		.4byte	.LASF3
 1048 0044 02       		.uleb128 0x2
 1049 0045 04       		.byte	0x4
 1050 0046 05       		.byte	0x5
 1051 0047 B1010000 		.4byte	.LASF4
 1052 004b 02       		.uleb128 0x2
 1053 004c 04       		.byte	0x4
 1054 004d 07       		.byte	0x7
 1055 004e B2000000 		.4byte	.LASF5
 1056 0052 02       		.uleb128 0x2
 1057 0053 08       		.byte	0x8
 1058 0054 05       		.byte	0x5
 1059 0055 51010000 		.4byte	.LASF6
 1060 0059 02       		.uleb128 0x2
 1061 005a 08       		.byte	0x8
 1062 005b 07       		.byte	0x7
 1063 005c 06010000 		.4byte	.LASF7
 1064 0060 04       		.uleb128 0x4
 1065 0061 04       		.byte	0x4
 1066 0062 05       		.byte	0x5
 1067 0063 696E7400 		.ascii	"int\000"
 1068 0067 02       		.uleb128 0x2
 1069 0068 04       		.byte	0x4
 1070 0069 07       		.byte	0x7
 1071 006a F9000000 		.4byte	.LASF8
 1072 006e 03       		.uleb128 0x3
 1073 006f 1D010000 		.4byte	.LASF10
 1074 0073 02       		.byte	0x2
 1075 0074 18       		.byte	0x18
 1076 0075 24000000 		.4byte	0x24
 1077 0079 05       		.uleb128 0x5
 1078 007a 91000000 		.4byte	0x91
 1079 007e 8A000000 		.4byte	0x8a
ARM GAS  C:\Users\HP\AppData\Local\Temp\ccJJlS5O.s 			page 20


 1080 0082 06       		.uleb128 0x6
 1081 0083 8A000000 		.4byte	0x8a
 1082 0087 AB03     		.2byte	0x3ab
 1083 0089 00       		.byte	0
 1084 008a 02       		.uleb128 0x2
 1085 008b 04       		.byte	0x4
 1086 008c 07       		.byte	0x7
 1087 008d 48010000 		.4byte	.LASF11
 1088 0091 07       		.uleb128 0x7
 1089 0092 6E000000 		.4byte	0x6e
 1090 0096 08       		.uleb128 0x8
 1091 0097 E7000000 		.4byte	.LASF12
 1092 009b 03       		.byte	0x3
 1093 009c 1F       		.byte	0x1f
 1094 009d A7000000 		.4byte	0xa7
 1095 00a1 05       		.uleb128 0x5
 1096 00a2 03       		.byte	0x3
 1097 00a3 00000000 		.4byte	cy_meta_configecc
 1098 00a7 07       		.uleb128 0x7
 1099 00a8 79000000 		.4byte	0x79
 1100 00ac 05       		.uleb128 0x5
 1101 00ad 91000000 		.4byte	0x91
 1102 00b1 BC000000 		.4byte	0xbc
 1103 00b5 09       		.uleb128 0x9
 1104 00b6 8A000000 		.4byte	0x8a
 1105 00ba 03       		.byte	0x3
 1106 00bb 00       		.byte	0
 1107 00bc 08       		.uleb128 0x8
 1108 00bd D7000000 		.4byte	.LASF13
 1109 00c1 03       		.byte	0x3
 1110 00c2 A2       		.byte	0xa2
 1111 00c3 CD000000 		.4byte	0xcd
 1112 00c7 05       		.uleb128 0x5
 1113 00c8 03       		.byte	0x3
 1114 00c9 00000000 		.4byte	cy_meta_custnvl
 1115 00cd 07       		.uleb128 0x7
 1116 00ce AC000000 		.4byte	0xac
 1117 00d2 08       		.uleb128 0x8
 1118 00d3 3A010000 		.4byte	.LASF14
 1119 00d7 03       		.byte	0x3
 1120 00d8 B0       		.byte	0xb0
 1121 00d9 E3000000 		.4byte	0xe3
 1122 00dd 05       		.uleb128 0x5
 1123 00de 03       		.byte	0x3
 1124 00df 00000000 		.4byte	cy_meta_wonvl
 1125 00e3 07       		.uleb128 0x7
 1126 00e4 AC000000 		.4byte	0xac
 1127 00e8 05       		.uleb128 0x5
 1128 00e9 91000000 		.4byte	0x91
 1129 00ed F8000000 		.4byte	0xf8
 1130 00f1 09       		.uleb128 0x9
 1131 00f2 8A000000 		.4byte	0x8a
 1132 00f6 FF       		.byte	0xff
 1133 00f7 00       		.byte	0
 1134 00f8 08       		.uleb128 0x8
 1135 00f9 25010000 		.4byte	.LASF15
 1136 00fd 03       		.byte	0x3
ARM GAS  C:\Users\HP\AppData\Local\Temp\ccJJlS5O.s 			page 21


 1137 00fe BE       		.byte	0xbe
 1138 00ff 09010000 		.4byte	0x109
 1139 0103 05       		.uleb128 0x5
 1140 0104 03       		.byte	0x3
 1141 0105 00000000 		.4byte	cy_meta_flashprotect
 1142 0109 07       		.uleb128 0x7
 1143 010a E8000000 		.4byte	0xe8
 1144 010e 05       		.uleb128 0x5
 1145 010f 91000000 		.4byte	0x91
 1146 0113 1E010000 		.4byte	0x11e
 1147 0117 09       		.uleb128 0x9
 1148 0118 8A000000 		.4byte	0x8a
 1149 011c 0B       		.byte	0xb
 1150 011d 00       		.byte	0
 1151 011e 08       		.uleb128 0x8
 1152 011f 0A000000 		.4byte	.LASF16
 1153 0123 03       		.byte	0x3
 1154 0124 EB       		.byte	0xeb
 1155 0125 2F010000 		.4byte	0x12f
 1156 0129 05       		.uleb128 0x5
 1157 012a 03       		.byte	0x3
 1158 012b 00000000 		.4byte	cy_metadata
 1159 012f 07       		.uleb128 0x7
 1160 0130 0E010000 		.4byte	0x10e
 1161 0134 00       		.byte	0
 1162              		.section	.debug_abbrev,"",%progbits
 1163              	.Ldebug_abbrev0:
 1164 0000 01       		.uleb128 0x1
 1165 0001 11       		.uleb128 0x11
 1166 0002 01       		.byte	0x1
 1167 0003 25       		.uleb128 0x25
 1168 0004 0E       		.uleb128 0xe
 1169 0005 13       		.uleb128 0x13
 1170 0006 0B       		.uleb128 0xb
 1171 0007 03       		.uleb128 0x3
 1172 0008 0E       		.uleb128 0xe
 1173 0009 1B       		.uleb128 0x1b
 1174 000a 0E       		.uleb128 0xe
 1175 000b 10       		.uleb128 0x10
 1176 000c 17       		.uleb128 0x17
 1177 000d 00       		.byte	0
 1178 000e 00       		.byte	0
 1179 000f 02       		.uleb128 0x2
 1180 0010 24       		.uleb128 0x24
 1181 0011 00       		.byte	0
 1182 0012 0B       		.uleb128 0xb
 1183 0013 0B       		.uleb128 0xb
 1184 0014 3E       		.uleb128 0x3e
 1185 0015 0B       		.uleb128 0xb
 1186 0016 03       		.uleb128 0x3
 1187 0017 0E       		.uleb128 0xe
 1188 0018 00       		.byte	0
 1189 0019 00       		.byte	0
 1190 001a 03       		.uleb128 0x3
 1191 001b 16       		.uleb128 0x16
 1192 001c 00       		.byte	0
 1193 001d 03       		.uleb128 0x3
ARM GAS  C:\Users\HP\AppData\Local\Temp\ccJJlS5O.s 			page 22


 1194 001e 0E       		.uleb128 0xe
 1195 001f 3A       		.uleb128 0x3a
 1196 0020 0B       		.uleb128 0xb
 1197 0021 3B       		.uleb128 0x3b
 1198 0022 0B       		.uleb128 0xb
 1199 0023 49       		.uleb128 0x49
 1200 0024 13       		.uleb128 0x13
 1201 0025 00       		.byte	0
 1202 0026 00       		.byte	0
 1203 0027 04       		.uleb128 0x4
 1204 0028 24       		.uleb128 0x24
 1205 0029 00       		.byte	0
 1206 002a 0B       		.uleb128 0xb
 1207 002b 0B       		.uleb128 0xb
 1208 002c 3E       		.uleb128 0x3e
 1209 002d 0B       		.uleb128 0xb
 1210 002e 03       		.uleb128 0x3
 1211 002f 08       		.uleb128 0x8
 1212 0030 00       		.byte	0
 1213 0031 00       		.byte	0
 1214 0032 05       		.uleb128 0x5
 1215 0033 01       		.uleb128 0x1
 1216 0034 01       		.byte	0x1
 1217 0035 49       		.uleb128 0x49
 1218 0036 13       		.uleb128 0x13
 1219 0037 01       		.uleb128 0x1
 1220 0038 13       		.uleb128 0x13
 1221 0039 00       		.byte	0
 1222 003a 00       		.byte	0
 1223 003b 06       		.uleb128 0x6
 1224 003c 21       		.uleb128 0x21
 1225 003d 00       		.byte	0
 1226 003e 49       		.uleb128 0x49
 1227 003f 13       		.uleb128 0x13
 1228 0040 2F       		.uleb128 0x2f
 1229 0041 05       		.uleb128 0x5
 1230 0042 00       		.byte	0
 1231 0043 00       		.byte	0
 1232 0044 07       		.uleb128 0x7
 1233 0045 26       		.uleb128 0x26
 1234 0046 00       		.byte	0
 1235 0047 49       		.uleb128 0x49
 1236 0048 13       		.uleb128 0x13
 1237 0049 00       		.byte	0
 1238 004a 00       		.byte	0
 1239 004b 08       		.uleb128 0x8
 1240 004c 34       		.uleb128 0x34
 1241 004d 00       		.byte	0
 1242 004e 03       		.uleb128 0x3
 1243 004f 0E       		.uleb128 0xe
 1244 0050 3A       		.uleb128 0x3a
 1245 0051 0B       		.uleb128 0xb
 1246 0052 3B       		.uleb128 0x3b
 1247 0053 0B       		.uleb128 0xb
 1248 0054 49       		.uleb128 0x49
 1249 0055 13       		.uleb128 0x13
 1250 0056 3F       		.uleb128 0x3f
ARM GAS  C:\Users\HP\AppData\Local\Temp\ccJJlS5O.s 			page 23


 1251 0057 19       		.uleb128 0x19
 1252 0058 02       		.uleb128 0x2
 1253 0059 18       		.uleb128 0x18
 1254 005a 00       		.byte	0
 1255 005b 00       		.byte	0
 1256 005c 09       		.uleb128 0x9
 1257 005d 21       		.uleb128 0x21
 1258 005e 00       		.byte	0
 1259 005f 49       		.uleb128 0x49
 1260 0060 13       		.uleb128 0x13
 1261 0061 2F       		.uleb128 0x2f
 1262 0062 0B       		.uleb128 0xb
 1263 0063 00       		.byte	0
 1264 0064 00       		.byte	0
 1265 0065 00       		.byte	0
 1266              		.section	.debug_aranges,"",%progbits
 1267 0000 14000000 		.4byte	0x14
 1268 0004 0200     		.2byte	0x2
 1269 0006 00000000 		.4byte	.Ldebug_info0
 1270 000a 04       		.byte	0x4
 1271 000b 00       		.byte	0
 1272 000c 0000     		.2byte	0
 1273 000e 0000     		.2byte	0
 1274 0010 00000000 		.4byte	0
 1275 0014 00000000 		.4byte	0
 1276              		.section	.debug_line,"",%progbits
 1277              	.Ldebug_line0:
 1278 0000 3D010000 		.section	.debug_str,"MS",%progbits,1
 1278      02003701 
 1278      00000201 
 1278      FB0E0D00 
 1278      01010101 
 1279              	.LASF9:
 1280 0000 5F5F7569 		.ascii	"__uint8_t\000"
 1280      6E74385F 
 1280      7400
 1281              	.LASF16:
 1282 000a 63795F6D 		.ascii	"cy_metadata\000"
 1282      65746164 
 1282      61746100 
 1283              	.LASF1:
 1284 0016 756E7369 		.ascii	"unsigned char\000"
 1284      676E6564 
 1284      20636861 
 1284      7200
 1285              	.LASF17:
 1286 0024 474E5520 		.ascii	"GNU C11 5.4.1 20160609 (release) [ARM/embedded-5-br"
 1286      43313120 
 1286      352E342E 
 1286      31203230 
 1286      31363036 
 1287 0057 616E6368 		.ascii	"anch revision 237715] -mcpu=cortex-m3 -mthumb -g -O"
 1287      20726576 
 1287      6973696F 
 1287      6E203233 
 1287      37373135 
 1288 008a 67202D66 		.ascii	"g -ffunction-sections -ffat-lto-objects\000"
ARM GAS  C:\Users\HP\AppData\Local\Temp\ccJJlS5O.s 			page 24


 1288      66756E63 
 1288      74696F6E 
 1288      2D736563 
 1288      74696F6E 
 1289              	.LASF5:
 1290 00b2 6C6F6E67 		.ascii	"long unsigned int\000"
 1290      20756E73 
 1290      69676E65 
 1290      6420696E 
 1290      7400
 1291              	.LASF3:
 1292 00c4 73686F72 		.ascii	"short unsigned int\000"
 1292      7420756E 
 1292      7369676E 
 1292      65642069 
 1292      6E7400
 1293              	.LASF13:
 1294 00d7 63795F6D 		.ascii	"cy_meta_custnvl\000"
 1294      6574615F 
 1294      63757374 
 1294      6E766C00 
 1295              	.LASF12:
 1296 00e7 63795F6D 		.ascii	"cy_meta_configecc\000"
 1296      6574615F 
 1296      636F6E66 
 1296      69676563 
 1296      6300
 1297              	.LASF8:
 1298 00f9 756E7369 		.ascii	"unsigned int\000"
 1298      676E6564 
 1298      20696E74 
 1298      00
 1299              	.LASF7:
 1300 0106 6C6F6E67 		.ascii	"long long unsigned int\000"
 1300      206C6F6E 
 1300      6720756E 
 1300      7369676E 
 1300      65642069 
 1301              	.LASF10:
 1302 011d 75696E74 		.ascii	"uint8_t\000"
 1302      385F7400 
 1303              	.LASF15:
 1304 0125 63795F6D 		.ascii	"cy_meta_flashprotect\000"
 1304      6574615F 
 1304      666C6173 
 1304      6870726F 
 1304      74656374 
 1305              	.LASF14:
 1306 013a 63795F6D 		.ascii	"cy_meta_wonvl\000"
 1306      6574615F 
 1306      776F6E76 
 1306      6C00
 1307              	.LASF11:
 1308 0148 73697A65 		.ascii	"sizetype\000"
 1308      74797065 
 1308      00
 1309              	.LASF6:
ARM GAS  C:\Users\HP\AppData\Local\Temp\ccJJlS5O.s 			page 25


 1310 0151 6C6F6E67 		.ascii	"long long int\000"
 1310      206C6F6E 
 1310      6720696E 
 1310      7400
 1311              	.LASF19:
 1312 015f 433A5C55 		.ascii	"C:\\Users\\HP\\Desktop\\Salma_Aguayo\\Microcontrola"
 1312      73657273 
 1312      5C48505C 
 1312      4465736B 
 1312      746F705C 
 1313 018d 646F725C 		.ascii	"dor\\Instrumentacion.cydsn\000"
 1313      496E7374 
 1313      72756D65 
 1313      6E746163 
 1313      696F6E2E 
 1314              	.LASF2:
 1315 01a7 73686F72 		.ascii	"short int\000"
 1315      7420696E 
 1315      7400
 1316              	.LASF4:
 1317 01b1 6C6F6E67 		.ascii	"long int\000"
 1317      20696E74 
 1317      00
 1318              	.LASF0:
 1319 01ba 7369676E 		.ascii	"signed char\000"
 1319      65642063 
 1319      68617200 
 1320              	.LASF18:
 1321 01c6 47656E65 		.ascii	"Generated_Source\\PSoC5\\cymetadata.c\000"
 1321      72617465 
 1321      645F536F 
 1321      75726365 
 1321      5C50536F 
 1322              		.ident	"GCC: (GNU Tools for ARM Embedded Processors) 5.4.1 20160609 (release) [ARM/embedded-5-bran
