ARM GAS  C:\Users\HP\AppData\Local\Temp\ccAJMPcs.s 			page 1


   1              		.syntax unified
   2              		.cpu cortex-m3
   3              		.fpu softvfp
   4              		.eabi_attribute 20, 1
   5              		.eabi_attribute 21, 1
   6              		.eabi_attribute 23, 3
   7              		.eabi_attribute 24, 1
   8              		.eabi_attribute 25, 1
   9              		.eabi_attribute 26, 1
  10              		.eabi_attribute 30, 1
  11              		.eabi_attribute 34, 1
  12              		.eabi_attribute 18, 4
  13              		.thumb
  14              		.syntax unified
  15              		.file	"main.c"
  16              		.text
  17              	.Ltext0:
  18              		.cfi_sections	.debug_frame
  19              		.section	.text.interruptUART,"ax",%progbits
  20              		.align	2
  21              		.global	interruptUART
  22              		.thumb
  23              		.thumb_func
  24              		.type	interruptUART, %function
  25              	interruptUART:
  26              	.LFB63:
  27              		.file 1 "main.c"
   1:main.c        **** #include "project.h"
   2:main.c        **** #include <stdbool.h>
   3:main.c        **** bool bandera=0;
   4:main.c        **** unsigned char basico[4]={128,64,32,16};
   5:main.c        **** unsigned char taxi[5]={128,64,32,16,8};
   6:main.c        **** unsigned char cera[6]={128,64,32,16,8,2};
   7:main.c        **** unsigned char motor[5]={128,64,32,16,4};
   8:main.c        **** unsigned char total[7]={128,64,32,16,8,4,2};
   9:main.c        **** unsigned char posicion=0;
  10:main.c        **** bool b_serial=false;
  11:main.c        **** unsigned char caracter=0;
  12:main.c        **** 
  13:main.c        **** CY_ISR(interruptUART)
  14:main.c        **** {
  28              		.loc 1 14 0
  29              		.cfi_startproc
  30              		@ args = 0, pretend = 0, frame = 0
  31              		@ frame_needed = 0, uses_anonymous_args = 0
  32 0000 10B5     		push	{r4, lr}
  33              		.cfi_def_cfa_offset 8
  34              		.cfi_offset 4, -8
  35              		.cfi_offset 14, -4
  15:main.c        ****     caracter=Serial_GetChar();
  36              		.loc 1 15 0
  37 0002 FFF7FEFF 		bl	Serial_GetChar
  38              	.LVL0:
  39 0006 034C     		ldr	r4, .L3
  40 0008 2070     		strb	r0, [r4]
  16:main.c        ****     Serial_PutChar(caracter);
  41              		.loc 1 16 0
ARM GAS  C:\Users\HP\AppData\Local\Temp\ccAJMPcs.s 			page 2


  42 000a FFF7FEFF 		bl	Serial_PutChar
  43              	.LVL1:
  17:main.c        ****     b_serial=true;
  44              		.loc 1 17 0
  45 000e 0123     		movs	r3, #1
  46 0010 6370     		strb	r3, [r4, #1]
  47 0012 10BD     		pop	{r4, pc}
  48              	.L4:
  49              		.align	2
  50              	.L3:
  51 0014 00000000 		.word	.LANCHOR0
  52              		.cfi_endproc
  53              	.LFE63:
  54              		.size	interruptUART, .-interruptUART
  55              		.section	.text.main,"ax",%progbits
  56              		.align	2
  57              		.global	main
  58              		.thumb
  59              		.thumb_func
  60              		.type	main, %function
  61              	main:
  62              	.LFB64:
  18:main.c        **** }
  19:main.c        **** int main(void)
  20:main.c        **** {
  63              		.loc 1 20 0
  64              		.cfi_startproc
  65              		@ Volatile: function does not return.
  66              		@ args = 0, pretend = 0, frame = 0
  67              		@ frame_needed = 0, uses_anonymous_args = 0
  68 0000 08B5     		push	{r3, lr}
  69              		.cfi_def_cfa_offset 8
  70              		.cfi_offset 3, -8
  71              		.cfi_offset 14, -4
  21:main.c        ****      LEDS_Write(0x00);
  72              		.loc 1 21 0
  73 0002 0020     		movs	r0, #0
  74 0004 FFF7FEFF 		bl	LEDS_Write
  75              	.LVL2:
  22:main.c        ****     posicion=0;
  76              		.loc 1 22 0
  77 0008 0022     		movs	r2, #0
  78 000a 5B4B     		ldr	r3, .L22
  79 000c 9A70     		strb	r2, [r3, #2]
  23:main.c        ****     CyGlobalIntEnable;
  80              		.loc 1 23 0
  81              		.syntax unified
  82              	@ 23 "main.c" 1
  83 000e 62B6     		CPSIE   i
  84              	@ 0 "" 2
  24:main.c        **** isrUART_StartEx(interruptUART);
  85              		.loc 1 24 0
  86              		.thumb
  87              		.syntax unified
  88 0010 5A48     		ldr	r0, .L22+4
  89 0012 FFF7FEFF 		bl	isrUART_StartEx
  90              	.LVL3:
ARM GAS  C:\Users\HP\AppData\Local\Temp\ccAJMPcs.s 			page 3


  25:main.c        **** Serial_Start();
  91              		.loc 1 25 0
  92 0016 FFF7FEFF 		bl	Serial_Start
  93              	.LVL4:
  94              	.L8:
  26:main.c        **** 
  27:main.c        ****     for(;;)
  28:main.c        ****     {
  29:main.c        ****         if(b_serial)
  95              		.loc 1 29 0
  96 001a 574B     		ldr	r3, .L22
  97 001c 5B78     		ldrb	r3, [r3, #1]	@ zero_extendqisi2
  98 001e 002B     		cmp	r3, #0
  99 0020 FBD0     		beq	.L8
  30:main.c        ****         {
  31:main.c        ****             b_serial=false;
 100              		.loc 1 31 0
 101 0022 554B     		ldr	r3, .L22
 102 0024 0022     		movs	r2, #0
 103 0026 5A70     		strb	r2, [r3, #1]
  32:main.c        ****             switch(caracter)
 104              		.loc 1 32 0
 105 0028 1B78     		ldrb	r3, [r3]	@ zero_extendqisi2
 106 002a 623B     		subs	r3, r3, #98
 107 002c 162B     		cmp	r3, #22
 108 002e F4D8     		bhi	.L8
 109 0030 01A2     		adr	r2, .L10
 110 0032 52F823F0 		ldr	pc, [r2, r3, lsl #2]
 111 0036 00BF     		.p2align 2
 112              	.L10:
 113 0038 AD000000 		.word	.L9+1
 114 003c 1B000000 		.word	.L8+1
 115 0040 1B000000 		.word	.L8+1
 116 0044 09010000 		.word	.L11+1
 117 0048 1B000000 		.word	.L8+1
 118 004c 1B000000 		.word	.L8+1
 119 0050 1B000000 		.word	.L8+1
 120 0054 1B000000 		.word	.L8+1
 121 0058 1B000000 		.word	.L8+1
 122 005c 1B000000 		.word	.L8+1
 123 0060 1B000000 		.word	.L8+1
 124 0064 37010000 		.word	.L12+1
 125 0068 1B000000 		.word	.L8+1
 126 006c 1B000000 		.word	.L8+1
 127 0070 1B000000 		.word	.L8+1
 128 0074 1B000000 		.word	.L8+1
 129 0078 1B000000 		.word	.L8+1
 130 007c 1B000000 		.word	.L8+1
 131 0080 65010000 		.word	.L13+1
 132 0084 1B000000 		.word	.L8+1
 133 0088 1B000000 		.word	.L8+1
 134 008c 1B000000 		.word	.L8+1
 135 0090 DB000000 		.word	.L14+1
 136              		.p2align 1
 137              	.L15:
  33:main.c        ****             {
  34:main.c        ****                 case 'b':
ARM GAS  C:\Users\HP\AppData\Local\Temp\ccAJMPcs.s 			page 4


  35:main.c        ****                 while(posicion!=4){
  36:main.c        ****                  LEDS_Write(basico[posicion]);
 138              		.loc 1 36 0
 139 0094 3A4A     		ldr	r2, .L22+8
 140 0096 D05C     		ldrb	r0, [r2, r3]	@ zero_extendqisi2
 141 0098 FFF7FEFF 		bl	LEDS_Write
 142              	.LVL5:
  37:main.c        ****                 posicion++;
 143              		.loc 1 37 0
 144 009c 364A     		ldr	r2, .L22
 145 009e 9378     		ldrb	r3, [r2, #2]	@ zero_extendqisi2
 146 00a0 0133     		adds	r3, r3, #1
 147 00a2 9370     		strb	r3, [r2, #2]
  38:main.c        ****                 CyDelay(2000);
 148              		.loc 1 38 0
 149 00a4 4FF4FA60 		mov	r0, #2000
 150 00a8 FFF7FEFF 		bl	CyDelay
 151              	.LVL6:
 152              	.L9:
  35:main.c        ****                  LEDS_Write(basico[posicion]);
 153              		.loc 1 35 0
 154 00ac 324B     		ldr	r3, .L22
 155 00ae 9B78     		ldrb	r3, [r3, #2]	@ zero_extendqisi2
 156 00b0 042B     		cmp	r3, #4
 157 00b2 EFD1     		bne	.L15
  39:main.c        ****                 }
  40:main.c        ****                 posicion=0;
 158              		.loc 1 40 0
 159 00b4 0020     		movs	r0, #0
 160 00b6 304B     		ldr	r3, .L22
 161 00b8 9870     		strb	r0, [r3, #2]
  41:main.c        ****                  LEDS_Write(0);
 162              		.loc 1 41 0
 163 00ba FFF7FEFF 		bl	LEDS_Write
 164              	.LVL7:
  42:main.c        ****                 break;
 165              		.loc 1 42 0
 166 00be ACE7     		b	.L8
 167              	.L17:
  43:main.c        ****                 case 'x':
  44:main.c        ****                 while(posicion!=5){
  45:main.c        ****                  LEDS_Write(taxi[posicion]);
 168              		.loc 1 45 0
 169 00c0 2F4A     		ldr	r2, .L22+8
 170 00c2 1344     		add	r3, r3, r2
 171 00c4 1879     		ldrb	r0, [r3, #4]	@ zero_extendqisi2
 172 00c6 FFF7FEFF 		bl	LEDS_Write
 173              	.LVL8:
  46:main.c        ****                 posicion++;
 174              		.loc 1 46 0
 175 00ca 2B4A     		ldr	r2, .L22
 176 00cc 9378     		ldrb	r3, [r2, #2]	@ zero_extendqisi2
 177 00ce 0133     		adds	r3, r3, #1
 178 00d0 9370     		strb	r3, [r2, #2]
  47:main.c        ****                 CyDelay(2000);
 179              		.loc 1 47 0
 180 00d2 4FF4FA60 		mov	r0, #2000
ARM GAS  C:\Users\HP\AppData\Local\Temp\ccAJMPcs.s 			page 5


 181 00d6 FFF7FEFF 		bl	CyDelay
 182              	.LVL9:
 183              	.L14:
  44:main.c        ****                  LEDS_Write(taxi[posicion]);
 184              		.loc 1 44 0
 185 00da 274B     		ldr	r3, .L22
 186 00dc 9B78     		ldrb	r3, [r3, #2]	@ zero_extendqisi2
 187 00de 052B     		cmp	r3, #5
 188 00e0 EED1     		bne	.L17
  48:main.c        ****                 }
  49:main.c        ****                 posicion=0;
 189              		.loc 1 49 0
 190 00e2 0020     		movs	r0, #0
 191 00e4 244B     		ldr	r3, .L22
 192 00e6 9870     		strb	r0, [r3, #2]
  50:main.c        ****                  LEDS_Write(0);
 193              		.loc 1 50 0
 194 00e8 FFF7FEFF 		bl	LEDS_Write
 195              	.LVL10:
  51:main.c        ****                 break;
 196              		.loc 1 51 0
 197 00ec 95E7     		b	.L8
 198              	.L18:
  52:main.c        ****                 case 'e':
  53:main.c        ****                 while(posicion!=6){
  54:main.c        ****                  LEDS_Write(cera[posicion]);
 199              		.loc 1 54 0
 200 00ee 244A     		ldr	r2, .L22+8
 201 00f0 1344     		add	r3, r3, r2
 202 00f2 187B     		ldrb	r0, [r3, #12]	@ zero_extendqisi2
 203 00f4 FFF7FEFF 		bl	LEDS_Write
 204              	.LVL11:
  55:main.c        ****                 posicion++;
 205              		.loc 1 55 0
 206 00f8 1F4A     		ldr	r2, .L22
 207 00fa 9378     		ldrb	r3, [r2, #2]	@ zero_extendqisi2
 208 00fc 0133     		adds	r3, r3, #1
 209 00fe 9370     		strb	r3, [r2, #2]
  56:main.c        ****                 CyDelay(2000);
 210              		.loc 1 56 0
 211 0100 4FF4FA60 		mov	r0, #2000
 212 0104 FFF7FEFF 		bl	CyDelay
 213              	.LVL12:
 214              	.L11:
  53:main.c        ****                  LEDS_Write(cera[posicion]);
 215              		.loc 1 53 0
 216 0108 1B4B     		ldr	r3, .L22
 217 010a 9B78     		ldrb	r3, [r3, #2]	@ zero_extendqisi2
 218 010c 062B     		cmp	r3, #6
 219 010e EED1     		bne	.L18
  57:main.c        ****                 }
  58:main.c        ****                 posicion=0;
 220              		.loc 1 58 0
 221 0110 0020     		movs	r0, #0
 222 0112 194B     		ldr	r3, .L22
 223 0114 9870     		strb	r0, [r3, #2]
  59:main.c        ****                 LEDS_Write(0);
ARM GAS  C:\Users\HP\AppData\Local\Temp\ccAJMPcs.s 			page 6


 224              		.loc 1 59 0
 225 0116 FFF7FEFF 		bl	LEDS_Write
 226              	.LVL13:
  60:main.c        ****                 break;
 227              		.loc 1 60 0
 228 011a 7EE7     		b	.L8
 229              	.L19:
  61:main.c        ****                 case 'm':
  62:main.c        ****                 while(posicion!=5){
  63:main.c        ****                  LEDS_Write(motor[posicion]);
 230              		.loc 1 63 0
 231 011c 184A     		ldr	r2, .L22+8
 232 011e 1344     		add	r3, r3, r2
 233 0120 187D     		ldrb	r0, [r3, #20]	@ zero_extendqisi2
 234 0122 FFF7FEFF 		bl	LEDS_Write
 235              	.LVL14:
  64:main.c        ****                 posicion++;
 236              		.loc 1 64 0
 237 0126 144A     		ldr	r2, .L22
 238 0128 9378     		ldrb	r3, [r2, #2]	@ zero_extendqisi2
 239 012a 0133     		adds	r3, r3, #1
 240 012c 9370     		strb	r3, [r2, #2]
  65:main.c        ****                 CyDelay(2000);
 241              		.loc 1 65 0
 242 012e 4FF4FA60 		mov	r0, #2000
 243 0132 FFF7FEFF 		bl	CyDelay
 244              	.LVL15:
 245              	.L12:
  62:main.c        ****                  LEDS_Write(motor[posicion]);
 246              		.loc 1 62 0
 247 0136 104B     		ldr	r3, .L22
 248 0138 9B78     		ldrb	r3, [r3, #2]	@ zero_extendqisi2
 249 013a 052B     		cmp	r3, #5
 250 013c EED1     		bne	.L19
  66:main.c        ****                 }
  67:main.c        ****                 posicion=0;
 251              		.loc 1 67 0
 252 013e 0020     		movs	r0, #0
 253 0140 0D4B     		ldr	r3, .L22
 254 0142 9870     		strb	r0, [r3, #2]
  68:main.c        ****                  LEDS_Write(0);
 255              		.loc 1 68 0
 256 0144 FFF7FEFF 		bl	LEDS_Write
 257              	.LVL16:
  69:main.c        ****                 break;
 258              		.loc 1 69 0
 259 0148 67E7     		b	.L8
 260              	.L20:
  70:main.c        ****                 case 't':
  71:main.c        ****                 while(posicion!=7){
  72:main.c        ****                  LEDS_Write(total[posicion]);
 261              		.loc 1 72 0
 262 014a 0D4A     		ldr	r2, .L22+8
 263 014c 1344     		add	r3, r3, r2
 264 014e 187F     		ldrb	r0, [r3, #28]	@ zero_extendqisi2
 265 0150 FFF7FEFF 		bl	LEDS_Write
 266              	.LVL17:
ARM GAS  C:\Users\HP\AppData\Local\Temp\ccAJMPcs.s 			page 7


  73:main.c        ****                 posicion++;
 267              		.loc 1 73 0
 268 0154 084A     		ldr	r2, .L22
 269 0156 9378     		ldrb	r3, [r2, #2]	@ zero_extendqisi2
 270 0158 0133     		adds	r3, r3, #1
 271 015a 9370     		strb	r3, [r2, #2]
  74:main.c        ****                 CyDelay(2000);
 272              		.loc 1 74 0
 273 015c 4FF4FA60 		mov	r0, #2000
 274 0160 FFF7FEFF 		bl	CyDelay
 275              	.LVL18:
 276              	.L13:
  71:main.c        ****                  LEDS_Write(total[posicion]);
 277              		.loc 1 71 0
 278 0164 044B     		ldr	r3, .L22
 279 0166 9B78     		ldrb	r3, [r3, #2]	@ zero_extendqisi2
 280 0168 072B     		cmp	r3, #7
 281 016a EED1     		bne	.L20
  75:main.c        ****                 }
  76:main.c        ****                 posicion=0;
 282              		.loc 1 76 0
 283 016c 0020     		movs	r0, #0
 284 016e 024B     		ldr	r3, .L22
 285 0170 9870     		strb	r0, [r3, #2]
  77:main.c        ****                  LEDS_Write(0);
 286              		.loc 1 77 0
 287 0172 FFF7FEFF 		bl	LEDS_Write
 288              	.LVL19:
  78:main.c        ****                 break;
 289              		.loc 1 78 0
 290 0176 50E7     		b	.L8
 291              	.L23:
 292              		.align	2
 293              	.L22:
 294 0178 00000000 		.word	.LANCHOR0
 295 017c 00000000 		.word	interruptUART
 296 0180 00000000 		.word	.LANCHOR1
 297              		.cfi_endproc
 298              	.LFE64:
 299              		.size	main, .-main
 300              		.global	caracter
 301              		.global	b_serial
 302              		.global	posicion
 303              		.global	total
 304              		.global	motor
 305              		.global	cera
 306              		.global	taxi
 307              		.global	basico
 308              		.global	bandera
 309              		.data
 310              		.align	2
 311              		.set	.LANCHOR1,. + 0
 312              		.type	basico, %object
 313              		.size	basico, 4
 314              	basico:
 315 0000 80       		.byte	-128
 316 0001 40       		.byte	64
ARM GAS  C:\Users\HP\AppData\Local\Temp\ccAJMPcs.s 			page 8


 317 0002 20       		.byte	32
 318 0003 10       		.byte	16
 319              		.type	taxi, %object
 320              		.size	taxi, 5
 321              	taxi:
 322 0004 80       		.byte	-128
 323 0005 40       		.byte	64
 324 0006 20       		.byte	32
 325 0007 10       		.byte	16
 326 0008 08       		.byte	8
 327 0009 000000   		.space	3
 328              		.type	cera, %object
 329              		.size	cera, 6
 330              	cera:
 331 000c 80       		.byte	-128
 332 000d 40       		.byte	64
 333 000e 20       		.byte	32
 334 000f 10       		.byte	16
 335 0010 08       		.byte	8
 336 0011 02       		.byte	2
 337 0012 0000     		.space	2
 338              		.type	motor, %object
 339              		.size	motor, 5
 340              	motor:
 341 0014 80       		.byte	-128
 342 0015 40       		.byte	64
 343 0016 20       		.byte	32
 344 0017 10       		.byte	16
 345 0018 04       		.byte	4
 346 0019 000000   		.space	3
 347              		.type	total, %object
 348              		.size	total, 7
 349              	total:
 350 001c 80       		.byte	-128
 351 001d 40       		.byte	64
 352 001e 20       		.byte	32
 353 001f 10       		.byte	16
 354 0020 08       		.byte	8
 355 0021 04       		.byte	4
 356 0022 02       		.byte	2
 357              		.bss
 358              		.set	.LANCHOR0,. + 0
 359              		.type	caracter, %object
 360              		.size	caracter, 1
 361              	caracter:
 362 0000 00       		.space	1
 363              		.type	b_serial, %object
 364              		.size	b_serial, 1
 365              	b_serial:
 366 0001 00       		.space	1
 367              		.type	posicion, %object
 368              		.size	posicion, 1
 369              	posicion:
 370 0002 00       		.space	1
 371              		.type	bandera, %object
 372              		.size	bandera, 1
 373              	bandera:
ARM GAS  C:\Users\HP\AppData\Local\Temp\ccAJMPcs.s 			page 9


 374 0003 00       		.space	1
 375              		.text
 376              	.Letext0:
 377              		.file 2 "c:\\program files (x86)\\cypress\\psoc creator\\4.4\\psoc creator\\import\\gnu\\arm\\5.4.
 378              		.file 3 "c:\\program files (x86)\\cypress\\psoc creator\\4.4\\psoc creator\\import\\gnu\\arm\\5.4.
 379              		.file 4 "Generated_Source\\PSoC5/core_cm3.h"
 380              		.file 5 "Generated_Source\\PSoC5/Serial.h"
 381              		.file 6 "Generated_Source\\PSoC5/LEDS.h"
 382              		.file 7 "Generated_Source\\PSoC5/isrUART.h"
 383              		.file 8 "Generated_Source\\PSoC5/CyLib.h"
 384              		.section	.debug_info,"",%progbits
 385              	.Ldebug_info0:
 386 0000 3A030000 		.4byte	0x33a
 387 0004 0400     		.2byte	0x4
 388 0006 00000000 		.4byte	.Ldebug_abbrev0
 389 000a 04       		.byte	0x4
 390 000b 01       		.uleb128 0x1
 391 000c 7E000000 		.4byte	.LASF33
 392 0010 0C       		.byte	0xc
 393 0011 B3010000 		.4byte	.LASF34
 394 0015 BF010000 		.4byte	.LASF35
 395 0019 00000000 		.4byte	.Ldebug_ranges0+0
 396 001d 00000000 		.4byte	0
 397 0021 00000000 		.4byte	.Ldebug_line0
 398 0025 02       		.uleb128 0x2
 399 0026 01       		.byte	0x1
 400 0027 06       		.byte	0x6
 401 0028 84010000 		.4byte	.LASF0
 402 002c 02       		.uleb128 0x2
 403 002d 01       		.byte	0x1
 404 002e 08       		.byte	0x8
 405 002f 70000000 		.4byte	.LASF1
 406 0033 02       		.uleb128 0x2
 407 0034 02       		.byte	0x2
 408 0035 05       		.byte	0x5
 409 0036 07020000 		.4byte	.LASF2
 410 003a 02       		.uleb128 0x2
 411 003b 02       		.byte	0x2
 412 003c 07       		.byte	0x7
 413 003d 1E010000 		.4byte	.LASF3
 414 0041 03       		.uleb128 0x3
 415 0042 35000000 		.4byte	.LASF9
 416 0046 02       		.byte	0x2
 417 0047 3F       		.byte	0x3f
 418 0048 4C000000 		.4byte	0x4c
 419 004c 02       		.uleb128 0x2
 420 004d 04       		.byte	0x4
 421 004e 05       		.byte	0x5
 422 004f 17020000 		.4byte	.LASF4
 423 0053 02       		.uleb128 0x2
 424 0054 04       		.byte	0x4
 425 0055 07       		.byte	0x7
 426 0056 0C010000 		.4byte	.LASF5
 427 005a 02       		.uleb128 0x2
 428 005b 08       		.byte	0x8
 429 005c 05       		.byte	0x5
 430 005d 00000000 		.4byte	.LASF6
ARM GAS  C:\Users\HP\AppData\Local\Temp\ccAJMPcs.s 			page 10


 431 0061 02       		.uleb128 0x2
 432 0062 08       		.byte	0x8
 433 0063 07       		.byte	0x7
 434 0064 6D010000 		.4byte	.LASF7
 435 0068 04       		.uleb128 0x4
 436 0069 04       		.byte	0x4
 437 006a 05       		.byte	0x5
 438 006b 696E7400 		.ascii	"int\000"
 439 006f 02       		.uleb128 0x2
 440 0070 04       		.byte	0x4
 441 0071 07       		.byte	0x7
 442 0072 60010000 		.4byte	.LASF8
 443 0076 03       		.uleb128 0x3
 444 0077 97010000 		.4byte	.LASF10
 445 007b 03       		.byte	0x3
 446 007c 2C       		.byte	0x2c
 447 007d 41000000 		.4byte	0x41
 448 0081 02       		.uleb128 0x2
 449 0082 04       		.byte	0x4
 450 0083 04       		.byte	0x4
 451 0084 5B000000 		.4byte	.LASF11
 452 0088 02       		.uleb128 0x2
 453 0089 08       		.byte	0x8
 454 008a 04       		.byte	0x4
 455 008b 4B010000 		.4byte	.LASF12
 456 008f 02       		.uleb128 0x2
 457 0090 01       		.byte	0x1
 458 0091 08       		.byte	0x8
 459 0092 BA010000 		.4byte	.LASF13
 460 0096 02       		.uleb128 0x2
 461 0097 08       		.byte	0x8
 462 0098 04       		.byte	0x4
 463 0099 20020000 		.4byte	.LASF14
 464 009d 05       		.uleb128 0x5
 465 009e 2C000000 		.4byte	0x2c
 466 00a2 AD000000 		.4byte	0xad
 467 00a6 06       		.uleb128 0x6
 468 00a7 AD000000 		.4byte	0xad
 469 00ab 03       		.byte	0x3
 470 00ac 00       		.byte	0
 471 00ad 02       		.uleb128 0x2
 472 00ae 04       		.byte	0x4
 473 00af 07       		.byte	0x7
 474 00b0 9F010000 		.4byte	.LASF15
 475 00b4 07       		.uleb128 0x7
 476 00b5 17000000 		.4byte	.LASF36
 477 00b9 01       		.byte	0x1
 478 00ba 0D       		.byte	0xd
 479 00bb 00000000 		.4byte	.LFB63
 480 00bf 18000000 		.4byte	.LFE63-.LFB63
 481 00c3 01       		.uleb128 0x1
 482 00c4 9C       		.byte	0x9c
 483 00c5 DC000000 		.4byte	0xdc
 484 00c9 08       		.uleb128 0x8
 485 00ca 06000000 		.4byte	.LVL0
 486 00ce FB020000 		.4byte	0x2fb
 487 00d2 08       		.uleb128 0x8
ARM GAS  C:\Users\HP\AppData\Local\Temp\ccAJMPcs.s 			page 11


 488 00d3 0E000000 		.4byte	.LVL1
 489 00d7 06030000 		.4byte	0x306
 490 00db 00       		.byte	0
 491 00dc 09       		.uleb128 0x9
 492 00dd 5B010000 		.4byte	.LASF37
 493 00e1 01       		.byte	0x1
 494 00e2 13       		.byte	0x13
 495 00e3 68000000 		.4byte	0x68
 496 00e7 00000000 		.4byte	.LFB64
 497 00eb 84010000 		.4byte	.LFE64-.LFB64
 498 00ef 01       		.uleb128 0x1
 499 00f0 9C       		.byte	0x9c
 500 00f1 1A020000 		.4byte	0x21a
 501 00f5 0A       		.uleb128 0xa
 502 00f6 08000000 		.4byte	.LVL2
 503 00fa 11030000 		.4byte	0x311
 504 00fe 08010000 		.4byte	0x108
 505 0102 0B       		.uleb128 0xb
 506 0103 01       		.uleb128 0x1
 507 0104 50       		.byte	0x50
 508 0105 01       		.uleb128 0x1
 509 0106 30       		.byte	0x30
 510 0107 00       		.byte	0
 511 0108 0A       		.uleb128 0xa
 512 0109 16000000 		.4byte	.LVL3
 513 010d 1C030000 		.4byte	0x31c
 514 0111 1F010000 		.4byte	0x11f
 515 0115 0B       		.uleb128 0xb
 516 0116 01       		.uleb128 0x1
 517 0117 50       		.byte	0x50
 518 0118 05       		.uleb128 0x5
 519 0119 03       		.byte	0x3
 520 011a 00000000 		.4byte	interruptUART
 521 011e 00       		.byte	0
 522 011f 08       		.uleb128 0x8
 523 0120 1A000000 		.4byte	.LVL4
 524 0124 27030000 		.4byte	0x327
 525 0128 08       		.uleb128 0x8
 526 0129 9C000000 		.4byte	.LVL5
 527 012d 11030000 		.4byte	0x311
 528 0131 0A       		.uleb128 0xa
 529 0132 AC000000 		.4byte	.LVL6
 530 0136 32030000 		.4byte	0x332
 531 013a 46010000 		.4byte	0x146
 532 013e 0B       		.uleb128 0xb
 533 013f 01       		.uleb128 0x1
 534 0140 50       		.byte	0x50
 535 0141 03       		.uleb128 0x3
 536 0142 0A       		.byte	0xa
 537 0143 D007     		.2byte	0x7d0
 538 0145 00       		.byte	0
 539 0146 0A       		.uleb128 0xa
 540 0147 BE000000 		.4byte	.LVL7
 541 014b 11030000 		.4byte	0x311
 542 014f 59010000 		.4byte	0x159
 543 0153 0B       		.uleb128 0xb
 544 0154 01       		.uleb128 0x1
ARM GAS  C:\Users\HP\AppData\Local\Temp\ccAJMPcs.s 			page 12


 545 0155 50       		.byte	0x50
 546 0156 01       		.uleb128 0x1
 547 0157 30       		.byte	0x30
 548 0158 00       		.byte	0
 549 0159 08       		.uleb128 0x8
 550 015a CA000000 		.4byte	.LVL8
 551 015e 11030000 		.4byte	0x311
 552 0162 0A       		.uleb128 0xa
 553 0163 DA000000 		.4byte	.LVL9
 554 0167 32030000 		.4byte	0x332
 555 016b 77010000 		.4byte	0x177
 556 016f 0B       		.uleb128 0xb
 557 0170 01       		.uleb128 0x1
 558 0171 50       		.byte	0x50
 559 0172 03       		.uleb128 0x3
 560 0173 0A       		.byte	0xa
 561 0174 D007     		.2byte	0x7d0
 562 0176 00       		.byte	0
 563 0177 0A       		.uleb128 0xa
 564 0178 EC000000 		.4byte	.LVL10
 565 017c 11030000 		.4byte	0x311
 566 0180 8A010000 		.4byte	0x18a
 567 0184 0B       		.uleb128 0xb
 568 0185 01       		.uleb128 0x1
 569 0186 50       		.byte	0x50
 570 0187 01       		.uleb128 0x1
 571 0188 30       		.byte	0x30
 572 0189 00       		.byte	0
 573 018a 08       		.uleb128 0x8
 574 018b F8000000 		.4byte	.LVL11
 575 018f 11030000 		.4byte	0x311
 576 0193 0A       		.uleb128 0xa
 577 0194 08010000 		.4byte	.LVL12
 578 0198 32030000 		.4byte	0x332
 579 019c A8010000 		.4byte	0x1a8
 580 01a0 0B       		.uleb128 0xb
 581 01a1 01       		.uleb128 0x1
 582 01a2 50       		.byte	0x50
 583 01a3 03       		.uleb128 0x3
 584 01a4 0A       		.byte	0xa
 585 01a5 D007     		.2byte	0x7d0
 586 01a7 00       		.byte	0
 587 01a8 0A       		.uleb128 0xa
 588 01a9 1A010000 		.4byte	.LVL13
 589 01ad 11030000 		.4byte	0x311
 590 01b1 BB010000 		.4byte	0x1bb
 591 01b5 0B       		.uleb128 0xb
 592 01b6 01       		.uleb128 0x1
 593 01b7 50       		.byte	0x50
 594 01b8 01       		.uleb128 0x1
 595 01b9 30       		.byte	0x30
 596 01ba 00       		.byte	0
 597 01bb 08       		.uleb128 0x8
 598 01bc 26010000 		.4byte	.LVL14
 599 01c0 11030000 		.4byte	0x311
 600 01c4 0A       		.uleb128 0xa
 601 01c5 36010000 		.4byte	.LVL15
ARM GAS  C:\Users\HP\AppData\Local\Temp\ccAJMPcs.s 			page 13


 602 01c9 32030000 		.4byte	0x332
 603 01cd D9010000 		.4byte	0x1d9
 604 01d1 0B       		.uleb128 0xb
 605 01d2 01       		.uleb128 0x1
 606 01d3 50       		.byte	0x50
 607 01d4 03       		.uleb128 0x3
 608 01d5 0A       		.byte	0xa
 609 01d6 D007     		.2byte	0x7d0
 610 01d8 00       		.byte	0
 611 01d9 0A       		.uleb128 0xa
 612 01da 48010000 		.4byte	.LVL16
 613 01de 11030000 		.4byte	0x311
 614 01e2 EC010000 		.4byte	0x1ec
 615 01e6 0B       		.uleb128 0xb
 616 01e7 01       		.uleb128 0x1
 617 01e8 50       		.byte	0x50
 618 01e9 01       		.uleb128 0x1
 619 01ea 30       		.byte	0x30
 620 01eb 00       		.byte	0
 621 01ec 08       		.uleb128 0x8
 622 01ed 54010000 		.4byte	.LVL17
 623 01f1 11030000 		.4byte	0x311
 624 01f5 0A       		.uleb128 0xa
 625 01f6 64010000 		.4byte	.LVL18
 626 01fa 32030000 		.4byte	0x332
 627 01fe 0A020000 		.4byte	0x20a
 628 0202 0B       		.uleb128 0xb
 629 0203 01       		.uleb128 0x1
 630 0204 50       		.byte	0x50
 631 0205 03       		.uleb128 0x3
 632 0206 0A       		.byte	0xa
 633 0207 D007     		.2byte	0x7d0
 634 0209 00       		.byte	0
 635 020a 0C       		.uleb128 0xc
 636 020b 76010000 		.4byte	.LVL19
 637 020f 11030000 		.4byte	0x311
 638 0213 0B       		.uleb128 0xb
 639 0214 01       		.uleb128 0x1
 640 0215 50       		.byte	0x50
 641 0216 01       		.uleb128 0x1
 642 0217 30       		.byte	0x30
 643 0218 00       		.byte	0
 644 0219 00       		.byte	0
 645 021a 0D       		.uleb128 0xd
 646 021b 36010000 		.4byte	.LASF16
 647 021f 04       		.byte	0x4
 648 0220 1207     		.2byte	0x712
 649 0222 26020000 		.4byte	0x226
 650 0226 0E       		.uleb128 0xe
 651 0227 76000000 		.4byte	0x76
 652 022b 0F       		.uleb128 0xf
 653 022c 43010000 		.4byte	.LASF17
 654 0230 01       		.byte	0x1
 655 0231 03       		.byte	0x3
 656 0232 3C020000 		.4byte	0x23c
 657 0236 05       		.uleb128 0x5
 658 0237 03       		.byte	0x3
ARM GAS  C:\Users\HP\AppData\Local\Temp\ccAJMPcs.s 			page 14


 659 0238 00000000 		.4byte	bandera
 660 023c 02       		.uleb128 0x2
 661 023d 01       		.byte	0x1
 662 023e 02       		.byte	0x2
 663 023f 35020000 		.4byte	.LASF18
 664 0243 0F       		.uleb128 0xf
 665 0244 90010000 		.4byte	.LASF19
 666 0248 01       		.byte	0x1
 667 0249 04       		.byte	0x4
 668 024a 9D000000 		.4byte	0x9d
 669 024e 05       		.uleb128 0x5
 670 024f 03       		.byte	0x3
 671 0250 00000000 		.4byte	basico
 672 0254 05       		.uleb128 0x5
 673 0255 2C000000 		.4byte	0x2c
 674 0259 64020000 		.4byte	0x264
 675 025d 06       		.uleb128 0x6
 676 025e AD000000 		.4byte	0xad
 677 0262 04       		.byte	0x4
 678 0263 00       		.byte	0
 679 0264 0F       		.uleb128 0xf
 680 0265 AE010000 		.4byte	.LASF20
 681 0269 01       		.byte	0x1
 682 026a 05       		.byte	0x5
 683 026b 54020000 		.4byte	0x254
 684 026f 05       		.uleb128 0x5
 685 0270 03       		.byte	0x3
 686 0271 00000000 		.4byte	taxi
 687 0275 05       		.uleb128 0x5
 688 0276 2C000000 		.4byte	0x2c
 689 027a 85020000 		.4byte	0x285
 690 027e 06       		.uleb128 0x6
 691 027f AD000000 		.4byte	0xad
 692 0283 05       		.byte	0x5
 693 0284 00       		.byte	0
 694 0285 0F       		.uleb128 0xf
 695 0286 31010000 		.4byte	.LASF21
 696 028a 01       		.byte	0x1
 697 028b 06       		.byte	0x6
 698 028c 75020000 		.4byte	0x275
 699 0290 05       		.uleb128 0x5
 700 0291 03       		.byte	0x3
 701 0292 00000000 		.4byte	cera
 702 0296 0F       		.uleb128 0xf
 703 0297 A8010000 		.4byte	.LASF22
 704 029b 01       		.byte	0x1
 705 029c 07       		.byte	0x7
 706 029d 54020000 		.4byte	0x254
 707 02a1 05       		.uleb128 0x5
 708 02a2 03       		.byte	0x3
 709 02a3 00000000 		.4byte	motor
 710 02a7 05       		.uleb128 0x5
 711 02a8 2C000000 		.4byte	0x2c
 712 02ac B7020000 		.4byte	0x2b7
 713 02b0 06       		.uleb128 0x6
 714 02b1 AD000000 		.4byte	0xad
 715 02b5 06       		.byte	0x6
ARM GAS  C:\Users\HP\AppData\Local\Temp\ccAJMPcs.s 			page 15


 716 02b6 00       		.byte	0
 717 02b7 0F       		.uleb128 0xf
 718 02b8 11020000 		.4byte	.LASF23
 719 02bc 01       		.byte	0x1
 720 02bd 08       		.byte	0x8
 721 02be A7020000 		.4byte	0x2a7
 722 02c2 05       		.uleb128 0x5
 723 02c3 03       		.byte	0x3
 724 02c4 00000000 		.4byte	total
 725 02c8 0F       		.uleb128 0xf
 726 02c9 2C020000 		.4byte	.LASF24
 727 02cd 01       		.byte	0x1
 728 02ce 09       		.byte	0x9
 729 02cf 2C000000 		.4byte	0x2c
 730 02d3 05       		.uleb128 0x5
 731 02d4 03       		.byte	0x3
 732 02d5 00000000 		.4byte	posicion
 733 02d9 0F       		.uleb128 0xf
 734 02da 0E000000 		.4byte	.LASF25
 735 02de 01       		.byte	0x1
 736 02df 0A       		.byte	0xa
 737 02e0 3C020000 		.4byte	0x23c
 738 02e4 05       		.uleb128 0x5
 739 02e5 03       		.byte	0x3
 740 02e6 00000000 		.4byte	b_serial
 741 02ea 0F       		.uleb128 0xf
 742 02eb 52010000 		.4byte	.LASF26
 743 02ef 01       		.byte	0x1
 744 02f0 0B       		.byte	0xb
 745 02f1 2C000000 		.4byte	0x2c
 746 02f5 05       		.uleb128 0x5
 747 02f6 03       		.byte	0x3
 748 02f7 00000000 		.4byte	caracter
 749 02fb 10       		.uleb128 0x10
 750 02fc 61000000 		.4byte	.LASF27
 751 0300 61000000 		.4byte	.LASF27
 752 0304 05       		.byte	0x5
 753 0305 71       		.byte	0x71
 754 0306 10       		.uleb128 0x10
 755 0307 3F000000 		.4byte	.LASF28
 756 030b 3F000000 		.4byte	.LASF28
 757 030f 05       		.byte	0x5
 758 0310 8A       		.byte	0x8a
 759 0311 10       		.uleb128 0x10
 760 0312 43020000 		.4byte	.LASF29
 761 0316 43020000 		.4byte	.LASF29
 762 031a 06       		.byte	0x6
 763 031b 2F       		.byte	0x2f
 764 031c 10       		.uleb128 0x10
 765 031d 25000000 		.4byte	.LASF30
 766 0321 25000000 		.4byte	.LASF30
 767 0325 07       		.byte	0x7
 768 0326 18       		.byte	0x18
 769 0327 10       		.uleb128 0x10
 770 0328 4E000000 		.4byte	.LASF31
 771 032c 4E000000 		.4byte	.LASF31
 772 0330 05       		.byte	0x5
ARM GAS  C:\Users\HP\AppData\Local\Temp\ccAJMPcs.s 			page 16


 773 0331 54       		.byte	0x54
 774 0332 10       		.uleb128 0x10
 775 0333 3B020000 		.4byte	.LASF32
 776 0337 3B020000 		.4byte	.LASF32
 777 033b 08       		.byte	0x8
 778 033c 76       		.byte	0x76
 779 033d 00       		.byte	0
 780              		.section	.debug_abbrev,"",%progbits
 781              	.Ldebug_abbrev0:
 782 0000 01       		.uleb128 0x1
 783 0001 11       		.uleb128 0x11
 784 0002 01       		.byte	0x1
 785 0003 25       		.uleb128 0x25
 786 0004 0E       		.uleb128 0xe
 787 0005 13       		.uleb128 0x13
 788 0006 0B       		.uleb128 0xb
 789 0007 03       		.uleb128 0x3
 790 0008 0E       		.uleb128 0xe
 791 0009 1B       		.uleb128 0x1b
 792 000a 0E       		.uleb128 0xe
 793 000b 55       		.uleb128 0x55
 794 000c 17       		.uleb128 0x17
 795 000d 11       		.uleb128 0x11
 796 000e 01       		.uleb128 0x1
 797 000f 10       		.uleb128 0x10
 798 0010 17       		.uleb128 0x17
 799 0011 00       		.byte	0
 800 0012 00       		.byte	0
 801 0013 02       		.uleb128 0x2
 802 0014 24       		.uleb128 0x24
 803 0015 00       		.byte	0
 804 0016 0B       		.uleb128 0xb
 805 0017 0B       		.uleb128 0xb
 806 0018 3E       		.uleb128 0x3e
 807 0019 0B       		.uleb128 0xb
 808 001a 03       		.uleb128 0x3
 809 001b 0E       		.uleb128 0xe
 810 001c 00       		.byte	0
 811 001d 00       		.byte	0
 812 001e 03       		.uleb128 0x3
 813 001f 16       		.uleb128 0x16
 814 0020 00       		.byte	0
 815 0021 03       		.uleb128 0x3
 816 0022 0E       		.uleb128 0xe
 817 0023 3A       		.uleb128 0x3a
 818 0024 0B       		.uleb128 0xb
 819 0025 3B       		.uleb128 0x3b
 820 0026 0B       		.uleb128 0xb
 821 0027 49       		.uleb128 0x49
 822 0028 13       		.uleb128 0x13
 823 0029 00       		.byte	0
 824 002a 00       		.byte	0
 825 002b 04       		.uleb128 0x4
 826 002c 24       		.uleb128 0x24
 827 002d 00       		.byte	0
 828 002e 0B       		.uleb128 0xb
 829 002f 0B       		.uleb128 0xb
ARM GAS  C:\Users\HP\AppData\Local\Temp\ccAJMPcs.s 			page 17


 830 0030 3E       		.uleb128 0x3e
 831 0031 0B       		.uleb128 0xb
 832 0032 03       		.uleb128 0x3
 833 0033 08       		.uleb128 0x8
 834 0034 00       		.byte	0
 835 0035 00       		.byte	0
 836 0036 05       		.uleb128 0x5
 837 0037 01       		.uleb128 0x1
 838 0038 01       		.byte	0x1
 839 0039 49       		.uleb128 0x49
 840 003a 13       		.uleb128 0x13
 841 003b 01       		.uleb128 0x1
 842 003c 13       		.uleb128 0x13
 843 003d 00       		.byte	0
 844 003e 00       		.byte	0
 845 003f 06       		.uleb128 0x6
 846 0040 21       		.uleb128 0x21
 847 0041 00       		.byte	0
 848 0042 49       		.uleb128 0x49
 849 0043 13       		.uleb128 0x13
 850 0044 2F       		.uleb128 0x2f
 851 0045 0B       		.uleb128 0xb
 852 0046 00       		.byte	0
 853 0047 00       		.byte	0
 854 0048 07       		.uleb128 0x7
 855 0049 2E       		.uleb128 0x2e
 856 004a 01       		.byte	0x1
 857 004b 3F       		.uleb128 0x3f
 858 004c 19       		.uleb128 0x19
 859 004d 03       		.uleb128 0x3
 860 004e 0E       		.uleb128 0xe
 861 004f 3A       		.uleb128 0x3a
 862 0050 0B       		.uleb128 0xb
 863 0051 3B       		.uleb128 0x3b
 864 0052 0B       		.uleb128 0xb
 865 0053 27       		.uleb128 0x27
 866 0054 19       		.uleb128 0x19
 867 0055 11       		.uleb128 0x11
 868 0056 01       		.uleb128 0x1
 869 0057 12       		.uleb128 0x12
 870 0058 06       		.uleb128 0x6
 871 0059 40       		.uleb128 0x40
 872 005a 18       		.uleb128 0x18
 873 005b 9742     		.uleb128 0x2117
 874 005d 19       		.uleb128 0x19
 875 005e 01       		.uleb128 0x1
 876 005f 13       		.uleb128 0x13
 877 0060 00       		.byte	0
 878 0061 00       		.byte	0
 879 0062 08       		.uleb128 0x8
 880 0063 898201   		.uleb128 0x4109
 881 0066 00       		.byte	0
 882 0067 11       		.uleb128 0x11
 883 0068 01       		.uleb128 0x1
 884 0069 31       		.uleb128 0x31
 885 006a 13       		.uleb128 0x13
 886 006b 00       		.byte	0
ARM GAS  C:\Users\HP\AppData\Local\Temp\ccAJMPcs.s 			page 18


 887 006c 00       		.byte	0
 888 006d 09       		.uleb128 0x9
 889 006e 2E       		.uleb128 0x2e
 890 006f 01       		.byte	0x1
 891 0070 3F       		.uleb128 0x3f
 892 0071 19       		.uleb128 0x19
 893 0072 03       		.uleb128 0x3
 894 0073 0E       		.uleb128 0xe
 895 0074 3A       		.uleb128 0x3a
 896 0075 0B       		.uleb128 0xb
 897 0076 3B       		.uleb128 0x3b
 898 0077 0B       		.uleb128 0xb
 899 0078 27       		.uleb128 0x27
 900 0079 19       		.uleb128 0x19
 901 007a 49       		.uleb128 0x49
 902 007b 13       		.uleb128 0x13
 903 007c 8701     		.uleb128 0x87
 904 007e 19       		.uleb128 0x19
 905 007f 11       		.uleb128 0x11
 906 0080 01       		.uleb128 0x1
 907 0081 12       		.uleb128 0x12
 908 0082 06       		.uleb128 0x6
 909 0083 40       		.uleb128 0x40
 910 0084 18       		.uleb128 0x18
 911 0085 9742     		.uleb128 0x2117
 912 0087 19       		.uleb128 0x19
 913 0088 01       		.uleb128 0x1
 914 0089 13       		.uleb128 0x13
 915 008a 00       		.byte	0
 916 008b 00       		.byte	0
 917 008c 0A       		.uleb128 0xa
 918 008d 898201   		.uleb128 0x4109
 919 0090 01       		.byte	0x1
 920 0091 11       		.uleb128 0x11
 921 0092 01       		.uleb128 0x1
 922 0093 31       		.uleb128 0x31
 923 0094 13       		.uleb128 0x13
 924 0095 01       		.uleb128 0x1
 925 0096 13       		.uleb128 0x13
 926 0097 00       		.byte	0
 927 0098 00       		.byte	0
 928 0099 0B       		.uleb128 0xb
 929 009a 8A8201   		.uleb128 0x410a
 930 009d 00       		.byte	0
 931 009e 02       		.uleb128 0x2
 932 009f 18       		.uleb128 0x18
 933 00a0 9142     		.uleb128 0x2111
 934 00a2 18       		.uleb128 0x18
 935 00a3 00       		.byte	0
 936 00a4 00       		.byte	0
 937 00a5 0C       		.uleb128 0xc
 938 00a6 898201   		.uleb128 0x4109
 939 00a9 01       		.byte	0x1
 940 00aa 11       		.uleb128 0x11
 941 00ab 01       		.uleb128 0x1
 942 00ac 31       		.uleb128 0x31
 943 00ad 13       		.uleb128 0x13
ARM GAS  C:\Users\HP\AppData\Local\Temp\ccAJMPcs.s 			page 19


 944 00ae 00       		.byte	0
 945 00af 00       		.byte	0
 946 00b0 0D       		.uleb128 0xd
 947 00b1 34       		.uleb128 0x34
 948 00b2 00       		.byte	0
 949 00b3 03       		.uleb128 0x3
 950 00b4 0E       		.uleb128 0xe
 951 00b5 3A       		.uleb128 0x3a
 952 00b6 0B       		.uleb128 0xb
 953 00b7 3B       		.uleb128 0x3b
 954 00b8 05       		.uleb128 0x5
 955 00b9 49       		.uleb128 0x49
 956 00ba 13       		.uleb128 0x13
 957 00bb 3F       		.uleb128 0x3f
 958 00bc 19       		.uleb128 0x19
 959 00bd 3C       		.uleb128 0x3c
 960 00be 19       		.uleb128 0x19
 961 00bf 00       		.byte	0
 962 00c0 00       		.byte	0
 963 00c1 0E       		.uleb128 0xe
 964 00c2 35       		.uleb128 0x35
 965 00c3 00       		.byte	0
 966 00c4 49       		.uleb128 0x49
 967 00c5 13       		.uleb128 0x13
 968 00c6 00       		.byte	0
 969 00c7 00       		.byte	0
 970 00c8 0F       		.uleb128 0xf
 971 00c9 34       		.uleb128 0x34
 972 00ca 00       		.byte	0
 973 00cb 03       		.uleb128 0x3
 974 00cc 0E       		.uleb128 0xe
 975 00cd 3A       		.uleb128 0x3a
 976 00ce 0B       		.uleb128 0xb
 977 00cf 3B       		.uleb128 0x3b
 978 00d0 0B       		.uleb128 0xb
 979 00d1 49       		.uleb128 0x49
 980 00d2 13       		.uleb128 0x13
 981 00d3 3F       		.uleb128 0x3f
 982 00d4 19       		.uleb128 0x19
 983 00d5 02       		.uleb128 0x2
 984 00d6 18       		.uleb128 0x18
 985 00d7 00       		.byte	0
 986 00d8 00       		.byte	0
 987 00d9 10       		.uleb128 0x10
 988 00da 2E       		.uleb128 0x2e
 989 00db 00       		.byte	0
 990 00dc 3F       		.uleb128 0x3f
 991 00dd 19       		.uleb128 0x19
 992 00de 3C       		.uleb128 0x3c
 993 00df 19       		.uleb128 0x19
 994 00e0 6E       		.uleb128 0x6e
 995 00e1 0E       		.uleb128 0xe
 996 00e2 03       		.uleb128 0x3
 997 00e3 0E       		.uleb128 0xe
 998 00e4 3A       		.uleb128 0x3a
 999 00e5 0B       		.uleb128 0xb
 1000 00e6 3B       		.uleb128 0x3b
ARM GAS  C:\Users\HP\AppData\Local\Temp\ccAJMPcs.s 			page 20


 1001 00e7 0B       		.uleb128 0xb
 1002 00e8 00       		.byte	0
 1003 00e9 00       		.byte	0
 1004 00ea 00       		.byte	0
 1005              		.section	.debug_aranges,"",%progbits
 1006 0000 24000000 		.4byte	0x24
 1007 0004 0200     		.2byte	0x2
 1008 0006 00000000 		.4byte	.Ldebug_info0
 1009 000a 04       		.byte	0x4
 1010 000b 00       		.byte	0
 1011 000c 0000     		.2byte	0
 1012 000e 0000     		.2byte	0
 1013 0010 00000000 		.4byte	.LFB63
 1014 0014 18000000 		.4byte	.LFE63-.LFB63
 1015 0018 00000000 		.4byte	.LFB64
 1016 001c 84010000 		.4byte	.LFE64-.LFB64
 1017 0020 00000000 		.4byte	0
 1018 0024 00000000 		.4byte	0
 1019              		.section	.debug_ranges,"",%progbits
 1020              	.Ldebug_ranges0:
 1021 0000 00000000 		.4byte	.LFB63
 1022 0004 18000000 		.4byte	.LFE63
 1023 0008 00000000 		.4byte	.LFB64
 1024 000c 84010000 		.4byte	.LFE64
 1025 0010 00000000 		.4byte	0
 1026 0014 00000000 		.4byte	0
 1027              		.section	.debug_line,"",%progbits
 1028              	.Ldebug_line0:
 1029 0000 C1010000 		.section	.debug_str,"MS",%progbits,1
 1029      02006D01 
 1029      00000201 
 1029      FB0E0D00 
 1029      01010101 
 1030              	.LASF6:
 1031 0000 6C6F6E67 		.ascii	"long long int\000"
 1031      206C6F6E 
 1031      6720696E 
 1031      7400
 1032              	.LASF25:
 1033 000e 625F7365 		.ascii	"b_serial\000"
 1033      7269616C 
 1033      00
 1034              	.LASF36:
 1035 0017 696E7465 		.ascii	"interruptUART\000"
 1035      72727570 
 1035      74554152 
 1035      5400
 1036              	.LASF30:
 1037 0025 69737255 		.ascii	"isrUART_StartEx\000"
 1037      4152545F 
 1037      53746172 
 1037      74457800 
 1038              	.LASF9:
 1039 0035 5F5F696E 		.ascii	"__int32_t\000"
 1039      7433325F 
 1039      7400
 1040              	.LASF28:
ARM GAS  C:\Users\HP\AppData\Local\Temp\ccAJMPcs.s 			page 21


 1041 003f 53657269 		.ascii	"Serial_PutChar\000"
 1041      616C5F50 
 1041      75744368 
 1041      617200
 1042              	.LASF31:
 1043 004e 53657269 		.ascii	"Serial_Start\000"
 1043      616C5F53 
 1043      74617274 
 1043      00
 1044              	.LASF11:
 1045 005b 666C6F61 		.ascii	"float\000"
 1045      7400
 1046              	.LASF27:
 1047 0061 53657269 		.ascii	"Serial_GetChar\000"
 1047      616C5F47 
 1047      65744368 
 1047      617200
 1048              	.LASF1:
 1049 0070 756E7369 		.ascii	"unsigned char\000"
 1049      676E6564 
 1049      20636861 
 1049      7200
 1050              	.LASF33:
 1051 007e 474E5520 		.ascii	"GNU C11 5.4.1 20160609 (release) [ARM/embedded-5-br"
 1051      43313120 
 1051      352E342E 
 1051      31203230 
 1051      31363036 
 1052 00b1 616E6368 		.ascii	"anch revision 237715] -mcpu=cortex-m3 -mthumb -g -O"
 1052      20726576 
 1052      6973696F 
 1052      6E203233 
 1052      37373135 
 1053 00e4 67202D66 		.ascii	"g -ffunction-sections -ffat-lto-objects\000"
 1053      66756E63 
 1053      74696F6E 
 1053      2D736563 
 1053      74696F6E 
 1054              	.LASF5:
 1055 010c 6C6F6E67 		.ascii	"long unsigned int\000"
 1055      20756E73 
 1055      69676E65 
 1055      6420696E 
 1055      7400
 1056              	.LASF3:
 1057 011e 73686F72 		.ascii	"short unsigned int\000"
 1057      7420756E 
 1057      7369676E 
 1057      65642069 
 1057      6E7400
 1058              	.LASF21:
 1059 0131 63657261 		.ascii	"cera\000"
 1059      00
 1060              	.LASF16:
 1061 0136 49544D5F 		.ascii	"ITM_RxBuffer\000"
 1061      52784275 
 1061      66666572 
ARM GAS  C:\Users\HP\AppData\Local\Temp\ccAJMPcs.s 			page 22


 1061      00
 1062              	.LASF17:
 1063 0143 62616E64 		.ascii	"bandera\000"
 1063      65726100 
 1064              	.LASF12:
 1065 014b 646F7562 		.ascii	"double\000"
 1065      6C6500
 1066              	.LASF26:
 1067 0152 63617261 		.ascii	"caracter\000"
 1067      63746572 
 1067      00
 1068              	.LASF37:
 1069 015b 6D61696E 		.ascii	"main\000"
 1069      00
 1070              	.LASF8:
 1071 0160 756E7369 		.ascii	"unsigned int\000"
 1071      676E6564 
 1071      20696E74 
 1071      00
 1072              	.LASF7:
 1073 016d 6C6F6E67 		.ascii	"long long unsigned int\000"
 1073      206C6F6E 
 1073      6720756E 
 1073      7369676E 
 1073      65642069 
 1074              	.LASF0:
 1075 0184 7369676E 		.ascii	"signed char\000"
 1075      65642063 
 1075      68617200 
 1076              	.LASF19:
 1077 0190 62617369 		.ascii	"basico\000"
 1077      636F00
 1078              	.LASF10:
 1079 0197 696E7433 		.ascii	"int32_t\000"
 1079      325F7400 
 1080              	.LASF15:
 1081 019f 73697A65 		.ascii	"sizetype\000"
 1081      74797065 
 1081      00
 1082              	.LASF22:
 1083 01a8 6D6F746F 		.ascii	"motor\000"
 1083      7200
 1084              	.LASF20:
 1085 01ae 74617869 		.ascii	"taxi\000"
 1085      00
 1086              	.LASF34:
 1087 01b3 6D61696E 		.ascii	"main.c\000"
 1087      2E6300
 1088              	.LASF13:
 1089 01ba 63686172 		.ascii	"char\000"
 1089      00
 1090              	.LASF35:
 1091 01bf 433A5C55 		.ascii	"C:\\Users\\HP\\Desktop\\Salma_Aguayo\\Microcontrola"
 1091      73657273 
 1091      5C48505C 
 1091      4465736B 
 1091      746F705C 
ARM GAS  C:\Users\HP\AppData\Local\Temp\ccAJMPcs.s 			page 23


 1092 01ed 646F725C 		.ascii	"dor\\Instrumentacion.cydsn\000"
 1092      496E7374 
 1092      72756D65 
 1092      6E746163 
 1092      696F6E2E 
 1093              	.LASF2:
 1094 0207 73686F72 		.ascii	"short int\000"
 1094      7420696E 
 1094      7400
 1095              	.LASF23:
 1096 0211 746F7461 		.ascii	"total\000"
 1096      6C00
 1097              	.LASF4:
 1098 0217 6C6F6E67 		.ascii	"long int\000"
 1098      20696E74 
 1098      00
 1099              	.LASF14:
 1100 0220 6C6F6E67 		.ascii	"long double\000"
 1100      20646F75 
 1100      626C6500 
 1101              	.LASF24:
 1102 022c 706F7369 		.ascii	"posicion\000"
 1102      63696F6E 
 1102      00
 1103              	.LASF18:
 1104 0235 5F426F6F 		.ascii	"_Bool\000"
 1104      6C00
 1105              	.LASF32:
 1106 023b 43794465 		.ascii	"CyDelay\000"
 1106      6C617900 
 1107              	.LASF29:
 1108 0243 4C454453 		.ascii	"LEDS_Write\000"
 1108      5F577269 
 1108      746500
 1109              		.ident	"GCC: (GNU Tools for ARM Embedded Processors) 5.4.1 20160609 (release) [ARM/embedded-5-bran
